        -:    0:Source:chacha.c
        -:    0:Programs:78
        -:    1:/*
        -:    2:chacha-merged.c version 20080118
        -:    3:D. J. Bernstein
        -:    4:Public domain.
        -:    5:*/
        -:    6:
        -:    7:#include "includes.h"
        -:    8:
        -:    9:#include "chacha.h"
        -:   10:
        -:   11:/* $OpenBSD: chacha.c,v 1.1 2013/11/21 00:45:44 djm Exp $ */
        -:   12:
        -:   13:typedef unsigned char u8;
        -:   14:typedef unsigned int u32;
        -:   15:
        -:   16:typedef struct chacha_ctx chacha_ctx;
        -:   17:
        -:   18:#define U8C(v) (v##U)
        -:   19:#define U32C(v) (v##U)
        -:   20:
        -:   21:#define U8V(v) ((u8)(v) & U8C(0xFF))
        -:   22:#define U32V(v) ((u32)(v) & U32C(0xFFFFFFFF))
        -:   23:
        -:   24:#define ROTL32(v, n) \
        -:   25:  (U32V((v) << (n)) | ((v) >> (32 - (n))))
        -:   26:
        -:   27:#define U8TO32_LITTLE(p) \
        -:   28:  (((u32)((p)[0])      ) | \
        -:   29:   ((u32)((p)[1]) <<  8) | \
        -:   30:   ((u32)((p)[2]) << 16) | \
        -:   31:   ((u32)((p)[3]) << 24))
        -:   32:
        -:   33:#define U32TO8_LITTLE(p, v) \
        -:   34:  do { \
        -:   35:    (p)[0] = U8V((v)      ); \
        -:   36:    (p)[1] = U8V((v) >>  8); \
        -:   37:    (p)[2] = U8V((v) >> 16); \
        -:   38:    (p)[3] = U8V((v) >> 24); \
        -:   39:  } while (0)
        -:   40:
        -:   41:#define ROTATE(v,c) (ROTL32(v,c))
        -:   42:#define XOR(v,w) ((v) ^ (w))
        -:   43:#define PLUS(v,w) (U32V((v) + (w)))
        -:   44:#define PLUSONE(v) (PLUS((v),1))
        -:   45:
        -:   46:#define QUARTERROUND(a,b,c,d) \
        -:   47:  a = PLUS(a,b); d = ROTATE(XOR(d,a),16); \
        -:   48:  c = PLUS(c,d); b = ROTATE(XOR(b,c),12); \
        -:   49:  a = PLUS(a,b); d = ROTATE(XOR(d,a), 8); \
        -:   50:  c = PLUS(c,d); b = ROTATE(XOR(b,c), 7);
        -:   51:
        -:   52:static const char sigma[16] = "expand 32-byte k";
        -:   53:static const char tau[16] = "expand 16-byte k";
        -:   54:
        -:   55:void
        8:   56:chacha_keysetup(chacha_ctx *x,const u8 *k,u32 kbits)
        -:   57:{
        -:   58:  const char *constants;
        -:   59:
        8:   60:  x->input[4] = U8TO32_LITTLE(k + 0);
        8:   61:  x->input[5] = U8TO32_LITTLE(k + 4);
        8:   62:  x->input[6] = U8TO32_LITTLE(k + 8);
        8:   63:  x->input[7] = U8TO32_LITTLE(k + 12);
        8:   64:  if (kbits == 256) { /* recommended */
        8:   65:    k += 16;
        8:   66:    constants = sigma;
        -:   67:  } else { /* kbits == 128 */
    #####:   68:    constants = tau;
        -:   69:  }
        8:   70:  x->input[8] = U8TO32_LITTLE(k + 0);
        8:   71:  x->input[9] = U8TO32_LITTLE(k + 4);
        8:   72:  x->input[10] = U8TO32_LITTLE(k + 8);
        8:   73:  x->input[11] = U8TO32_LITTLE(k + 12);
        8:   74:  x->input[0] = U8TO32_LITTLE(constants + 0);
        8:   75:  x->input[1] = U8TO32_LITTLE(constants + 4);
        8:   76:  x->input[2] = U8TO32_LITTLE(constants + 8);
        8:   77:  x->input[3] = U8TO32_LITTLE(constants + 12);
        8:   78:}
        -:   79:
        -:   80:void
      738:   81:chacha_ivsetup(chacha_ctx *x, const u8 *iv, const u8 *counter)
        -:   82:{
      738:   83:  x->input[12] = counter == NULL ? 0 : U8TO32_LITTLE(counter + 0);
      738:   84:  x->input[13] = counter == NULL ? 0 : U8TO32_LITTLE(counter + 4);
      738:   85:  x->input[14] = U8TO32_LITTLE(iv + 0);
      738:   86:  x->input[15] = U8TO32_LITTLE(iv + 4);
      738:   87:}
        -:   88:
        -:   89:void
      738:   90:chacha_encrypt_bytes(chacha_ctx *x,const u8 *m,u8 *c,u32 bytes)
        -:   91:{
        -:   92:  u32 x0, x1, x2, x3, x4, x5, x6, x7, x8, x9, x10, x11, x12, x13, x14, x15;
        -:   93:  u32 j0, j1, j2, j3, j4, j5, j6, j7, j8, j9, j10, j11, j12, j13, j14, j15;
      738:   94:  u8 *ctarget = NULL;
        -:   95:  u8 tmp[64];
        -:   96:  u_int i;
        -:   97:
      738:   98:  if (!bytes) return;
        -:   99:
      738:  100:  j0 = x->input[0];
      738:  101:  j1 = x->input[1];
      738:  102:  j2 = x->input[2];
      738:  103:  j3 = x->input[3];
      738:  104:  j4 = x->input[4];
      738:  105:  j5 = x->input[5];
      738:  106:  j6 = x->input[6];
      738:  107:  j7 = x->input[7];
      738:  108:  j8 = x->input[8];
      738:  109:  j9 = x->input[9];
      738:  110:  j10 = x->input[10];
      738:  111:  j11 = x->input[11];
      738:  112:  j12 = x->input[12];
      738:  113:  j13 = x->input[13];
      738:  114:  j14 = x->input[14];
      738:  115:  j15 = x->input[15];
        -:  116:
        -:  117:  for (;;) {
     1342:  118:    if (bytes < 64) {
      736:  119:      for (i = 0;i < bytes;++i) tmp[i] = m[i];
      736:  120:      m = tmp;
      736:  121:      ctarget = c;
      736:  122:      c = tmp;
        -:  123:    }
     1342:  124:    x0 = j0;
     1342:  125:    x1 = j1;
     1342:  126:    x2 = j2;
     1342:  127:    x3 = j3;
     1342:  128:    x4 = j4;
     1342:  129:    x5 = j5;
     1342:  130:    x6 = j6;
     1342:  131:    x7 = j7;
     1342:  132:    x8 = j8;
     1342:  133:    x9 = j9;
     1342:  134:    x10 = j10;
     1342:  135:    x11 = j11;
     1342:  136:    x12 = j12;
     1342:  137:    x13 = j13;
     1342:  138:    x14 = j14;
     1342:  139:    x15 = j15;
    14762:  140:    for (i = 20;i > 0;i -= 2) {
    13420:  141:      QUARTERROUND( x0, x4, x8,x12)
    13420:  142:      QUARTERROUND( x1, x5, x9,x13)
    13420:  143:      QUARTERROUND( x2, x6,x10,x14)
    13420:  144:      QUARTERROUND( x3, x7,x11,x15)
    13420:  145:      QUARTERROUND( x0, x5,x10,x15)
    13420:  146:      QUARTERROUND( x1, x6,x11,x12)
    13420:  147:      QUARTERROUND( x2, x7, x8,x13)
    13420:  148:      QUARTERROUND( x3, x4, x9,x14)
        -:  149:    }
     1342:  150:    x0 = PLUS(x0,j0);
     1342:  151:    x1 = PLUS(x1,j1);
     1342:  152:    x2 = PLUS(x2,j2);
     1342:  153:    x3 = PLUS(x3,j3);
     1342:  154:    x4 = PLUS(x4,j4);
     1342:  155:    x5 = PLUS(x5,j5);
     1342:  156:    x6 = PLUS(x6,j6);
     1342:  157:    x7 = PLUS(x7,j7);
     1342:  158:    x8 = PLUS(x8,j8);
     1342:  159:    x9 = PLUS(x9,j9);
     1342:  160:    x10 = PLUS(x10,j10);
     1342:  161:    x11 = PLUS(x11,j11);
     1342:  162:    x12 = PLUS(x12,j12);
     1342:  163:    x13 = PLUS(x13,j13);
     1342:  164:    x14 = PLUS(x14,j14);
     1342:  165:    x15 = PLUS(x15,j15);
        -:  166:
     1342:  167:    x0 = XOR(x0,U8TO32_LITTLE(m + 0));
     1342:  168:    x1 = XOR(x1,U8TO32_LITTLE(m + 4));
     1342:  169:    x2 = XOR(x2,U8TO32_LITTLE(m + 8));
     1342:  170:    x3 = XOR(x3,U8TO32_LITTLE(m + 12));
     1342:  171:    x4 = XOR(x4,U8TO32_LITTLE(m + 16));
     1342:  172:    x5 = XOR(x5,U8TO32_LITTLE(m + 20));
     1342:  173:    x6 = XOR(x6,U8TO32_LITTLE(m + 24));
     1342:  174:    x7 = XOR(x7,U8TO32_LITTLE(m + 28));
     1342:  175:    x8 = XOR(x8,U8TO32_LITTLE(m + 32));
     1342:  176:    x9 = XOR(x9,U8TO32_LITTLE(m + 36));
     1342:  177:    x10 = XOR(x10,U8TO32_LITTLE(m + 40));
     1342:  178:    x11 = XOR(x11,U8TO32_LITTLE(m + 44));
     1342:  179:    x12 = XOR(x12,U8TO32_LITTLE(m + 48));
     1342:  180:    x13 = XOR(x13,U8TO32_LITTLE(m + 52));
     1342:  181:    x14 = XOR(x14,U8TO32_LITTLE(m + 56));
     1342:  182:    x15 = XOR(x15,U8TO32_LITTLE(m + 60));
        -:  183:
     1342:  184:    j12 = PLUSONE(j12);
     1342:  185:    if (!j12) {
    #####:  186:      j13 = PLUSONE(j13);
        -:  187:      /* stopping at 2^70 bytes per nonce is user's responsibility */
        -:  188:    }
        -:  189:
     1342:  190:    U32TO8_LITTLE(c + 0,x0);
     1342:  191:    U32TO8_LITTLE(c + 4,x1);
     1342:  192:    U32TO8_LITTLE(c + 8,x2);
     1342:  193:    U32TO8_LITTLE(c + 12,x3);
     1342:  194:    U32TO8_LITTLE(c + 16,x4);
     1342:  195:    U32TO8_LITTLE(c + 20,x5);
     1342:  196:    U32TO8_LITTLE(c + 24,x6);
     1342:  197:    U32TO8_LITTLE(c + 28,x7);
     1342:  198:    U32TO8_LITTLE(c + 32,x8);
     1342:  199:    U32TO8_LITTLE(c + 36,x9);
     1342:  200:    U32TO8_LITTLE(c + 40,x10);
     1342:  201:    U32TO8_LITTLE(c + 44,x11);
     1342:  202:    U32TO8_LITTLE(c + 48,x12);
     1342:  203:    U32TO8_LITTLE(c + 52,x13);
     1342:  204:    U32TO8_LITTLE(c + 56,x14);
     1342:  205:    U32TO8_LITTLE(c + 60,x15);
        -:  206:
     1342:  207:    if (bytes <= 64) {
      738:  208:      if (bytes < 64) {
      736:  209:        for (i = 0;i < bytes;++i) ctarget[i] = c[i];
        -:  210:      }
      738:  211:      x->input[12] = j12;
      738:  212:      x->input[13] = j13;
      738:  213:      return;
        -:  214:    }
      604:  215:    bytes -= 64;
      604:  216:    c += 64;
      604:  217:    m += 64;
      604:  218:  }
        -:  219:}
