        -:    0:Source:channels.c
        -:    0:Programs:78
        -:    1:/* $OpenBSD: channels.c,v 1.356 2016/10/18 17:32:54 dtucker Exp $ */
        -:    2:/*
        -:    3: * Author: Tatu Ylonen <ylo@cs.hut.fi>
        -:    4: * Copyright (c) 1995 Tatu Ylonen <ylo@cs.hut.fi>, Espoo, Finland
        -:    5: *                    All rights reserved
        -:    6: * This file contains functions for generic socket connection forwarding.
        -:    7: * There is also code for initiating connection forwarding for X11 connections,
        -:    8: * arbitrary tcp/ip connections, and the authentication agent connection.
        -:    9: *
        -:   10: * As far as I am concerned, the code I have written for this software
        -:   11: * can be used freely for any purpose.  Any derived versions of this
        -:   12: * software must be clearly marked as such, and if the derived work is
        -:   13: * incompatible with the protocol description in the RFC file, it must be
        -:   14: * called by a name other than "ssh" or "Secure Shell".
        -:   15: *
        -:   16: * SSH2 support added by Markus Friedl.
        -:   17: * Copyright (c) 1999, 2000, 2001, 2002 Markus Friedl.  All rights reserved.
        -:   18: * Copyright (c) 1999 Dug Song.  All rights reserved.
        -:   19: * Copyright (c) 1999 Theo de Raadt.  All rights reserved.
        -:   20: *
        -:   21: * Redistribution and use in source and binary forms, with or without
        -:   22: * modification, are permitted provided that the following conditions
        -:   23: * are met:
        -:   24: * 1. Redistributions of source code must retain the above copyright
        -:   25: *    notice, this list of conditions and the following disclaimer.
        -:   26: * 2. Redistributions in binary form must reproduce the above copyright
        -:   27: *    notice, this list of conditions and the following disclaimer in the
        -:   28: *    documentation and/or other materials provided with the distribution.
        -:   29: *
        -:   30: * THIS SOFTWARE IS PROVIDED BY THE AUTHOR ``AS IS'' AND ANY EXPRESS OR
        -:   31: * IMPLIED WARRANTIES, INCLUDING, BUT NOT LIMITED TO, THE IMPLIED WARRANTIES
        -:   32: * OF MERCHANTABILITY AND FITNESS FOR A PARTICULAR PURPOSE ARE DISCLAIMED.
        -:   33: * IN NO EVENT SHALL THE AUTHOR BE LIABLE FOR ANY DIRECT, INDIRECT,
        -:   34: * INCIDENTAL, SPECIAL, EXEMPLARY, OR CONSEQUENTIAL DAMAGES (INCLUDING, BUT
        -:   35: * NOT LIMITED TO, PROCUREMENT OF SUBSTITUTE GOODS OR SERVICES; LOSS OF USE,
        -:   36: * DATA, OR PROFITS; OR BUSINESS INTERRUPTION) HOWEVER CAUSED AND ON ANY
        -:   37: * THEORY OF LIABILITY, WHETHER IN CONTRACT, STRICT LIABILITY, OR TORT
        -:   38: * (INCLUDING NEGLIGENCE OR OTHERWISE) ARISING IN ANY WAY OUT OF THE USE OF
        -:   39: * THIS SOFTWARE, EVEN IF ADVISED OF THE POSSIBILITY OF SUCH DAMAGE.
        -:   40: */
        -:   41:
        -:   42:#include "includes.h"
        -:   43:
        -:   44:#include <sys/types.h>
        -:   45:#include <sys/stat.h>
        -:   46:#include <sys/ioctl.h>
        -:   47:#include <sys/un.h>
        -:   48:#include <sys/socket.h>
        -:   49:#ifdef HAVE_SYS_TIME_H
        -:   50:# include <sys/time.h>
        -:   51:#endif
        -:   52:
        -:   53:#include <netinet/in.h>
        -:   54:#include <arpa/inet.h>
        -:   55:
        -:   56:#include <errno.h>
        -:   57:#include <fcntl.h>
        -:   58:#include <netdb.h>
        -:   59:#ifdef HAVE_STDINT_H
        -:   60:#include <stdint.h>
        -:   61:#endif
        -:   62:#include <stdio.h>
        -:   63:#include <stdlib.h>
        -:   64:#include <string.h>
        -:   65:#include <termios.h>
        -:   66:#include <unistd.h>
        -:   67:#include <stdarg.h>
        -:   68:
        -:   69:#include "openbsd-compat/sys-queue.h"
        -:   70:#include "xmalloc.h"
        -:   71:#include "ssh.h"
        -:   72:#include "ssh1.h"
        -:   73:#include "ssh2.h"
        -:   74:#include "ssherr.h"
        -:   75:#include "packet.h"
        -:   76:#include "log.h"
        -:   77:#include "misc.h"
        -:   78:#include "buffer.h"
        -:   79:#include "channels.h"
        -:   80:#include "compat.h"
        -:   81:#include "canohost.h"
        -:   82:#include "key.h"
        -:   83:#include "authfd.h"
        -:   84:#include "pathnames.h"
        -:   85:
        -:   86:/* -- channel core */
        -:   87:
        -:   88:/*
        -:   89: * Pointer to an array containing all allocated channels.  The array is
        -:   90: * dynamically extended as needed.
        -:   91: */
        -:   92:static Channel **channels = NULL;
        -:   93:
        -:   94:/*
        -:   95: * Size of the channel array.  All slots of the array must always be
        -:   96: * initialized (at least the type field); unused slots set to NULL
        -:   97: */
        -:   98:static u_int channels_alloc = 0;
        -:   99:
        -:  100:/*
        -:  101: * Maximum file descriptor value used in any of the channels.  This is
        -:  102: * updated in channel_new.
        -:  103: */
        -:  104:static int channel_max_fd = 0;
        -:  105:
        -:  106:
        -:  107:/* -- tcp forwarding */
        -:  108:
        -:  109:/*
        -:  110: * Data structure for storing which hosts are permitted for forward requests.
        -:  111: * The local sides of any remote forwards are stored in this array to prevent
        -:  112: * a corrupt remote server from accessing arbitrary TCP/IP ports on our local
        -:  113: * network (which might be behind a firewall).
        -:  114: */
        -:  115:/* XXX: streamlocal wants a path instead of host:port */
        -:  116:/*      Overload host_to_connect; we could just make this match Forward */
        -:  117:/*	XXX - can we use listen_host instead of listen_path? */
        -:  118:typedef struct {
        -:  119:	char *host_to_connect;		/* Connect to 'host'. */
        -:  120:	int port_to_connect;		/* Connect to 'port'. */
        -:  121:	char *listen_host;		/* Remote side should listen address. */
        -:  122:	char *listen_path;		/* Remote side should listen path. */
        -:  123:	int listen_port;		/* Remote side should listen port. */
        -:  124:	Channel *downstream;		/* Downstream mux*/
        -:  125:} ForwardPermission;
        -:  126:
        -:  127:/* List of all permitted host/port pairs to connect by the user. */
        -:  128:static ForwardPermission *permitted_opens = NULL;
        -:  129:
        -:  130:/* List of all permitted host/port pairs to connect by the admin. */
        -:  131:static ForwardPermission *permitted_adm_opens = NULL;
        -:  132:
        -:  133:/* Number of permitted host/port pairs in the array permitted by the user. */
        -:  134:static int num_permitted_opens = 0;
        -:  135:
        -:  136:/* Number of permitted host/port pair in the array permitted by the admin. */
        -:  137:static int num_adm_permitted_opens = 0;
        -:  138:
        -:  139:/* special-case port number meaning allow any port */
        -:  140:#define FWD_PERMIT_ANY_PORT	0
        -:  141:
        -:  142:/* special-case wildcard meaning allow any host */
        -:  143:#define FWD_PERMIT_ANY_HOST	"*"
        -:  144:
        -:  145:/*
        -:  146: * If this is true, all opens are permitted.  This is the case on the server
        -:  147: * on which we have to trust the client anyway, and the user could do
        -:  148: * anything after logging in anyway.
        -:  149: */
        -:  150:static int all_opens_permitted = 0;
        -:  151:
        -:  152:
        -:  153:/* -- X11 forwarding */
        -:  154:
        -:  155:/* Maximum number of fake X11 displays to try. */
        -:  156:#define MAX_DISPLAYS  1000
        -:  157:
        -:  158:/* Saved X11 local (client) display. */
        -:  159:static char *x11_saved_display = NULL;
        -:  160:
        -:  161:/* Saved X11 authentication protocol name. */
        -:  162:static char *x11_saved_proto = NULL;
        -:  163:
        -:  164:/* Saved X11 authentication data.  This is the real data. */
        -:  165:static char *x11_saved_data = NULL;
        -:  166:static u_int x11_saved_data_len = 0;
        -:  167:
        -:  168:/* Deadline after which all X11 connections are refused */
        -:  169:static u_int x11_refuse_time;
        -:  170:
        -:  171:/*
        -:  172: * Fake X11 authentication data.  This is what the server will be sending us;
        -:  173: * we should replace any occurrences of this by the real data.
        -:  174: */
        -:  175:static u_char *x11_fake_data = NULL;
        -:  176:static u_int x11_fake_data_len;
        -:  177:
        -:  178:
        -:  179:/* -- agent forwarding */
        -:  180:
        -:  181:#define	NUM_SOCKS	10
        -:  182:
        -:  183:/* AF_UNSPEC or AF_INET or AF_INET6 */
        -:  184:static int IPv4or6 = AF_UNSPEC;
        -:  185:
        -:  186:/* helper */
        -:  187:static void port_open_helper(Channel *c, char *rtype);
        -:  188:static const char *channel_rfwd_bind_host(const char *listen_host);
        -:  189:
        -:  190:/* non-blocking connect helpers */
        -:  191:static int connect_next(struct channel_connect *);
        -:  192:static void channel_connect_ctx_free(struct channel_connect *);
        -:  193:
        -:  194:/* -- channel core */
        -:  195:
        -:  196:Channel *
      132:  197:channel_by_id(int id)
        -:  198:{
        -:  199:	Channel *c;
        -:  200:
      132:  201:	if (id < 0 || (u_int)id >= channels_alloc) {
    #####:  202:		logit("channel_by_id: %d: bad id", id);
    #####:  203:		return NULL;
        -:  204:	}
      132:  205:	c = channels[id];
      132:  206:	if (c == NULL) {
    #####:  207:		logit("channel_by_id: %d: bad id: channel free", id);
    #####:  208:		return NULL;
        -:  209:	}
      132:  210:	return c;
        -:  211:}
        -:  212:
        -:  213:Channel *
    #####:  214:channel_by_remote_id(int remote_id)
        -:  215:{
        -:  216:	Channel *c;
        -:  217:	u_int i;
        -:  218:
    #####:  219:	for (i = 0; i < channels_alloc; i++) {
    #####:  220:		c = channels[i];
    #####:  221:		if (c != NULL && c->remote_id == remote_id)
    #####:  222:			return c;
        -:  223:	}
    #####:  224:	return NULL;
        -:  225:}
        -:  226:
        -:  227:/*
        -:  228: * Returns the channel if it is allowed to receive protocol messages.
        -:  229: * Private channels, like listening sockets, may not receive messages.
        -:  230: */
        -:  231:Channel *
      128:  232:channel_lookup(int id)
        -:  233:{
        -:  234:	Channel *c;
        -:  235:
      128:  236:	if ((c = channel_by_id(id)) == NULL)
    #####:  237:		return (NULL);
        -:  238:
      128:  239:	switch (c->type) {
        -:  240:	case SSH_CHANNEL_X11_OPEN:
        -:  241:	case SSH_CHANNEL_LARVAL:
        -:  242:	case SSH_CHANNEL_CONNECTING:
        -:  243:	case SSH_CHANNEL_DYNAMIC:
        -:  244:	case SSH_CHANNEL_OPENING:
        -:  245:	case SSH_CHANNEL_OPEN:
        -:  246:	case SSH_CHANNEL_INPUT_DRAINING:
        -:  247:	case SSH_CHANNEL_OUTPUT_DRAINING:
        -:  248:	case SSH_CHANNEL_ABANDONED:
        -:  249:	case SSH_CHANNEL_MUX_PROXY:
      128:  250:		return (c);
        -:  251:	}
    #####:  252:	logit("Non-public channel %d, type %d.", id, c->type);
    #####:  253:	return (NULL);
        -:  254:}
        -:  255:
        -:  256:/*
        -:  257: * Register filedescriptors for a channel, used when allocating a channel or
        -:  258: * when the channel consumer/producer is ready, e.g. shell exec'd
        -:  259: */
        -:  260:static void
        2:  261:channel_register_fds(Channel *c, int rfd, int wfd, int efd,
        -:  262:    int extusage, int nonblock, int is_tty)
        -:  263:{
        -:  264:	/* Update the maximum file descriptor value. */
        2:  265:	channel_max_fd = MAXIMUM(channel_max_fd, rfd);
        2:  266:	channel_max_fd = MAXIMUM(channel_max_fd, wfd);
        2:  267:	channel_max_fd = MAXIMUM(channel_max_fd, efd);
        -:  268:
        2:  269:	if (rfd != -1)
        2:  270:		fcntl(rfd, F_SETFD, FD_CLOEXEC);
        2:  271:	if (wfd != -1 && wfd != rfd)
        2:  272:		fcntl(wfd, F_SETFD, FD_CLOEXEC);
        2:  273:	if (efd != -1 && efd != rfd && efd != wfd)
        2:  274:		fcntl(efd, F_SETFD, FD_CLOEXEC);
        -:  275:
        2:  276:	c->rfd = rfd;
        2:  277:	c->wfd = wfd;
        2:  278:	c->sock = (rfd == wfd) ? rfd : -1;
        2:  279:	c->efd = efd;
        2:  280:	c->extended_usage = extusage;
        -:  281:
        2:  282:	if ((c->isatty = is_tty) != 0)
    #####:  283:		debug2("channel %d: rfd %d isatty", c->self, c->rfd);
        -:  284:#ifdef _AIX
        -:  285:	/* XXX: Later AIX versions can't push as much data to tty */
        -:  286:	c->wfd_isatty = is_tty || isatty(c->wfd);
        -:  287:#endif
        -:  288:
        -:  289:	/* enable nonblocking mode */
        2:  290:	if (nonblock) {
    #####:  291:		if (rfd != -1)
    #####:  292:			set_nonblock(rfd);
    #####:  293:		if (wfd != -1)
    #####:  294:			set_nonblock(wfd);
    #####:  295:		if (efd != -1)
    #####:  296:			set_nonblock(efd);
        -:  297:	}
        2:  298:}
        -:  299:
        -:  300:/*
        -:  301: * Allocate a new channel object and set its type and socket. This will cause
        -:  302: * remote_name to be freed.
        -:  303: */
        -:  304:Channel *
        2:  305:channel_new(char *ctype, int type, int rfd, int wfd, int efd,
        -:  306:    u_int window, u_int maxpack, int extusage, char *remote_name, int nonblock)
        -:  307:{
        -:  308:	int found;
        -:  309:	u_int i;
        -:  310:	Channel *c;
        -:  311:
        -:  312:	/* Do initial allocation if this is the first call. */
        2:  313:	if (channels_alloc == 0) {
        2:  314:		channels_alloc = 10;
        2:  315:		channels = xcalloc(channels_alloc, sizeof(Channel *));
       22:  316:		for (i = 0; i < channels_alloc; i++)
       20:  317:			channels[i] = NULL;
        -:  318:	}
        -:  319:	/* Try to find a free slot where to put the new channel. */
        2:  320:	for (found = -1, i = 0; i < channels_alloc; i++)
        2:  321:		if (channels[i] == NULL) {
        -:  322:			/* Found a free slot. */
        2:  323:			found = (int)i;
        2:  324:			break;
        -:  325:		}
        2:  326:	if (found < 0) {
        -:  327:		/* There are no free slots.  Take last+1 slot and expand the array.  */
    #####:  328:		found = channels_alloc;
    #####:  329:		if (channels_alloc > 10000)
    #####:  330:			fatal("channel_new: internal error: channels_alloc %d "
        -:  331:			    "too big.", channels_alloc);
    #####:  332:		channels = xreallocarray(channels, channels_alloc + 10,
        -:  333:		    sizeof(Channel *));
    #####:  334:		channels_alloc += 10;
    #####:  335:		debug2("channel: expanding %d", channels_alloc);
    #####:  336:		for (i = found; i < channels_alloc; i++)
    #####:  337:			channels[i] = NULL;
        -:  338:	}
        -:  339:	/* Initialize and return new channel. */
        2:  340:	c = channels[found] = xcalloc(1, sizeof(Channel));
        2:  341:	buffer_init(&c->input);
        2:  342:	buffer_init(&c->output);
        2:  343:	buffer_init(&c->extended);
        2:  344:	c->path = NULL;
        2:  345:	c->listening_addr = NULL;
        2:  346:	c->listening_port = 0;
        2:  347:	c->ostate = CHAN_OUTPUT_OPEN;
        2:  348:	c->istate = CHAN_INPUT_OPEN;
        2:  349:	c->flags = 0;
        2:  350:	channel_register_fds(c, rfd, wfd, efd, extusage, nonblock, 0);
        2:  351:	c->notbefore = 0;
        2:  352:	c->self = found;
        2:  353:	c->type = type;
        2:  354:	c->ctype = ctype;
        2:  355:	c->local_window = window;
        2:  356:	c->local_window_max = window;
        2:  357:	c->local_consumed = 0;
        2:  358:	c->local_maxpacket = maxpack;
        2:  359:	c->remote_id = -1;
        2:  360:	c->remote_name = xstrdup(remote_name);
        2:  361:	c->remote_window = 0;
        2:  362:	c->remote_maxpacket = 0;
        2:  363:	c->force_drain = 0;
        2:  364:	c->single_connection = 0;
        2:  365:	c->detach_user = NULL;
        2:  366:	c->detach_close = 0;
        2:  367:	c->open_confirm = NULL;
        2:  368:	c->open_confirm_ctx = NULL;
        2:  369:	c->input_filter = NULL;
        2:  370:	c->output_filter = NULL;
        2:  371:	c->filter_ctx = NULL;
        2:  372:	c->filter_cleanup = NULL;
        2:  373:	c->ctl_chan = -1;
        2:  374:	c->mux_rcb = NULL;
        2:  375:	c->mux_ctx = NULL;
        2:  376:	c->mux_pause = 0;
        2:  377:	c->delayed = 1;		/* prevent call to channel_post handler */
        2:  378:	TAILQ_INIT(&c->status_confirms);
        2:  379:	debug("channel %d: new [%s]", found, remote_name);
        2:  380:	return c;
        -:  381:}
        -:  382:
        -:  383:static int
        2:  384:channel_find_maxfd(void)
        -:  385:{
        -:  386:	u_int i;
        2:  387:	int max = 0;
        -:  388:	Channel *c;
        -:  389:
       22:  390:	for (i = 0; i < channels_alloc; i++) {
       20:  391:		c = channels[i];
       20:  392:		if (c != NULL) {
        2:  393:			max = MAXIMUM(max, c->rfd);
        2:  394:			max = MAXIMUM(max, c->wfd);
        2:  395:			max = MAXIMUM(max, c->efd);
        -:  396:		}
        -:  397:	}
        2:  398:	return max;
        -:  399:}
        -:  400:
        -:  401:int
       12:  402:channel_close_fd(int *fdp)
        -:  403:{
       12:  404:	int ret = 0, fd = *fdp;
        -:  405:
       12:  406:	if (fd != -1) {
        6:  407:		ret = close(fd);
        6:  408:		*fdp = -1;
        6:  409:		if (fd == channel_max_fd)
        2:  410:			channel_max_fd = channel_find_maxfd();
        -:  411:	}
       12:  412:	return ret;
        -:  413:}
        -:  414:
        -:  415:/* Close all channel fd/socket. */
        -:  416:static void
        2:  417:channel_close_fds(Channel *c)
        -:  418:{
        2:  419:	channel_close_fd(&c->sock);
        2:  420:	channel_close_fd(&c->rfd);
        2:  421:	channel_close_fd(&c->wfd);
        2:  422:	channel_close_fd(&c->efd);
        2:  423:}
        -:  424:
        -:  425:/* Free the channel and close its fd/socket. */
        -:  426:void
        2:  427:channel_free(Channel *c)
        -:  428:{
        -:  429:	char *s;
        -:  430:	u_int i, n;
        -:  431:	Channel *other;
        -:  432:	struct channel_confirm *cc;
        -:  433:
       22:  434:	for (n = 0, i = 0; i < channels_alloc; i++) {
       20:  435:		if ((other = channels[i]) != NULL) {
        2:  436:			n++;
        -:  437:
        -:  438:			/* detach from mux client and prepare for closing */
        2:  439:			if (c->type == SSH_CHANNEL_MUX_CLIENT &&
    #####:  440:			    other->type == SSH_CHANNEL_MUX_PROXY &&
    #####:  441:			    other->mux_ctx == c) {
    #####:  442:				other->mux_ctx = NULL;
    #####:  443:				other->type = SSH_CHANNEL_OPEN;
    #####:  444:				other->istate = CHAN_INPUT_CLOSED;
    #####:  445:				other->ostate = CHAN_OUTPUT_CLOSED;
        -:  446:			}
        -:  447:		}
        -:  448:	}
        2:  449:	debug("channel %d: free: %s, nchannels %u", c->self,
        2:  450:	    c->remote_name ? c->remote_name : "???", n);
        -:  451:
        -:  452:	/* XXX more MUX cleanup: remove remote forwardings */
        2:  453:	if (c->type == SSH_CHANNEL_MUX_CLIENT) {
    #####:  454:		for (i = 0; i < (u_int)num_permitted_opens; i++) {
    #####:  455:			if (permitted_opens[i].downstream != c)
    #####:  456:				continue;
        -:  457:			/* cancel on the server, since mux client is gone */
    #####:  458:			debug("channel %d: cleanup remote forward for %s:%u",
        -:  459:			    c->self,
    #####:  460:			    permitted_opens[i].listen_host,
    #####:  461:			    permitted_opens[i].listen_port);
    #####:  462:			packet_start(SSH2_MSG_GLOBAL_REQUEST);
    #####:  463:			packet_put_cstring("cancel-tcpip-forward");
    #####:  464:			packet_put_char(0);
    #####:  465:			packet_put_cstring(channel_rfwd_bind_host(
        -:  466:			    permitted_opens[i].listen_host));
    #####:  467:			packet_put_int(permitted_opens[i].listen_port);
    #####:  468:			packet_send();
        -:  469:			/* unregister */
    #####:  470:			permitted_opens[i].listen_port = 0;
    #####:  471:			permitted_opens[i].port_to_connect = 0;
    #####:  472:			free(permitted_opens[i].host_to_connect);
    #####:  473:			permitted_opens[i].host_to_connect = NULL;
    #####:  474:			free(permitted_opens[i].listen_host);
    #####:  475:			permitted_opens[i].listen_host = NULL;
    #####:  476:			permitted_opens[i].listen_path = NULL;
    #####:  477:			permitted_opens[i].downstream = NULL;
        -:  478:		}
        -:  479:	}
        -:  480:
        2:  481:	s = channel_open_message();
        2:  482:	debug3("channel %d: status: %s", c->self, s);
        2:  483:	free(s);
        -:  484:
        2:  485:	if (c->sock != -1)
    #####:  486:		shutdown(c->sock, SHUT_RDWR);
        2:  487:	channel_close_fds(c);
        2:  488:	buffer_free(&c->input);
        2:  489:	buffer_free(&c->output);
        2:  490:	buffer_free(&c->extended);
        2:  491:	free(c->remote_name);
        2:  492:	c->remote_name = NULL;
        2:  493:	free(c->path);
        2:  494:	c->path = NULL;
        2:  495:	free(c->listening_addr);
        2:  496:	c->listening_addr = NULL;
        4:  497:	while ((cc = TAILQ_FIRST(&c->status_confirms)) != NULL) {
    #####:  498:		if (cc->abandon_cb != NULL)
    #####:  499:			cc->abandon_cb(c, cc->ctx);
    #####:  500:		TAILQ_REMOVE(&c->status_confirms, cc, entry);
    #####:  501:		explicit_bzero(cc, sizeof(*cc));
    #####:  502:		free(cc);
        -:  503:	}
        2:  504:	if (c->filter_cleanup != NULL && c->filter_ctx != NULL)
        2:  505:		c->filter_cleanup(c->self, c->filter_ctx);
        2:  506:	channels[c->self] = NULL;
        2:  507:	free(c);
        2:  508:}
        -:  509:
        -:  510:void
        2:  511:channel_free_all(void)
        -:  512:{
        -:  513:	u_int i;
        -:  514:
       22:  515:	for (i = 0; i < channels_alloc; i++)
       20:  516:		if (channels[i] != NULL)
    #####:  517:			channel_free(channels[i]);
        2:  518:}
        -:  519:
        -:  520:/*
        -:  521: * Closes the sockets/fds of all channels.  This is used to close extra file
        -:  522: * descriptors after a fork.
        -:  523: */
        -:  524:void
    #####:  525:channel_close_all(void)
        -:  526:{
        -:  527:	u_int i;
        -:  528:
    #####:  529:	for (i = 0; i < channels_alloc; i++)
    #####:  530:		if (channels[i] != NULL)
    #####:  531:			channel_close_fds(channels[i]);
    #####:  532:}
        -:  533:
        -:  534:/*
        -:  535: * Stop listening to channels.
        -:  536: */
        -:  537:void
    #####:  538:channel_stop_listening(void)
        -:  539:{
        -:  540:	u_int i;
        -:  541:	Channel *c;
        -:  542:
    #####:  543:	for (i = 0; i < channels_alloc; i++) {
    #####:  544:		c = channels[i];
    #####:  545:		if (c != NULL) {
    #####:  546:			switch (c->type) {
        -:  547:			case SSH_CHANNEL_AUTH_SOCKET:
        -:  548:			case SSH_CHANNEL_PORT_LISTENER:
        -:  549:			case SSH_CHANNEL_RPORT_LISTENER:
        -:  550:			case SSH_CHANNEL_X11_LISTENER:
        -:  551:			case SSH_CHANNEL_UNIX_LISTENER:
        -:  552:			case SSH_CHANNEL_RUNIX_LISTENER:
    #####:  553:				channel_close_fd(&c->sock);
    #####:  554:				channel_free(c);
    #####:  555:				break;
        -:  556:			}
        -:  557:		}
        -:  558:	}
    #####:  559:}
        -:  560:
        -:  561:/*
        -:  562: * Returns true if no channel has too much buffered data, and false if one or
        -:  563: * more channel is overfull.
        -:  564: */
        -:  565:int
    #####:  566:channel_not_very_much_buffered_data(void)
        -:  567:{
        -:  568:	u_int i;
        -:  569:	Channel *c;
        -:  570:
    #####:  571:	for (i = 0; i < channels_alloc; i++) {
    #####:  572:		c = channels[i];
    #####:  573:		if (c != NULL && c->type == SSH_CHANNEL_OPEN) {
        -:  574:#if 0
        -:  575:			if (!compat20 &&
        -:  576:			    buffer_len(&c->input) > packet_get_maxsize()) {
        -:  577:				debug2("channel %d: big input buffer %d",
        -:  578:				    c->self, buffer_len(&c->input));
        -:  579:				return 0;
        -:  580:			}
        -:  581:#endif
    #####:  582:			if (buffer_len(&c->output) > packet_get_maxsize()) {
    #####:  583:				debug2("channel %d: big output buffer %u > %u",
    #####:  584:				    c->self, buffer_len(&c->output),
        -:  585:				    packet_get_maxsize());
    #####:  586:				return 0;
        -:  587:			}
        -:  588:		}
        -:  589:	}
    #####:  590:	return 1;
        -:  591:}
        -:  592:
        -:  593:/* Returns true if any channel is still open. */
        -:  594:int
        4:  595:channel_still_open(void)
        -:  596:{
        -:  597:	u_int i;
        -:  598:	Channel *c;
        -:  599:
       44:  600:	for (i = 0; i < channels_alloc; i++) {
       40:  601:		c = channels[i];
       40:  602:		if (c == NULL)
       40:  603:			continue;
    #####:  604:		switch (c->type) {
        -:  605:		case SSH_CHANNEL_X11_LISTENER:
        -:  606:		case SSH_CHANNEL_PORT_LISTENER:
        -:  607:		case SSH_CHANNEL_RPORT_LISTENER:
        -:  608:		case SSH_CHANNEL_MUX_LISTENER:
        -:  609:		case SSH_CHANNEL_CLOSED:
        -:  610:		case SSH_CHANNEL_AUTH_SOCKET:
        -:  611:		case SSH_CHANNEL_DYNAMIC:
        -:  612:		case SSH_CHANNEL_CONNECTING:
        -:  613:		case SSH_CHANNEL_ZOMBIE:
        -:  614:		case SSH_CHANNEL_ABANDONED:
        -:  615:		case SSH_CHANNEL_UNIX_LISTENER:
        -:  616:		case SSH_CHANNEL_RUNIX_LISTENER:
    #####:  617:			continue;
        -:  618:		case SSH_CHANNEL_LARVAL:
    #####:  619:			if (!compat20)
    #####:  620:				fatal("cannot happen: SSH_CHANNEL_LARVAL");
    #####:  621:			continue;
        -:  622:		case SSH_CHANNEL_OPENING:
        -:  623:		case SSH_CHANNEL_OPEN:
        -:  624:		case SSH_CHANNEL_X11_OPEN:
        -:  625:		case SSH_CHANNEL_MUX_CLIENT:
        -:  626:		case SSH_CHANNEL_MUX_PROXY:
    #####:  627:			return 1;
        -:  628:		case SSH_CHANNEL_INPUT_DRAINING:
        -:  629:		case SSH_CHANNEL_OUTPUT_DRAINING:
    #####:  630:			if (!compat13)
    #####:  631:				fatal("cannot happen: OUT_DRAIN");
    #####:  632:			return 1;
        -:  633:		default:
    #####:  634:			fatal("channel_still_open: bad channel type %d", c->type);
        -:  635:			/* NOTREACHED */
        -:  636:		}
        -:  637:	}
        4:  638:	return 0;
        -:  639:}
        -:  640:
        -:  641:/* Returns the id of an open channel suitable for keepaliving */
        -:  642:int
    #####:  643:channel_find_open(void)
        -:  644:{
        -:  645:	u_int i;
        -:  646:	Channel *c;
        -:  647:
    #####:  648:	for (i = 0; i < channels_alloc; i++) {
    #####:  649:		c = channels[i];
    #####:  650:		if (c == NULL || c->remote_id < 0)
    #####:  651:			continue;
    #####:  652:		switch (c->type) {
        -:  653:		case SSH_CHANNEL_CLOSED:
        -:  654:		case SSH_CHANNEL_DYNAMIC:
        -:  655:		case SSH_CHANNEL_X11_LISTENER:
        -:  656:		case SSH_CHANNEL_PORT_LISTENER:
        -:  657:		case SSH_CHANNEL_RPORT_LISTENER:
        -:  658:		case SSH_CHANNEL_MUX_LISTENER:
        -:  659:		case SSH_CHANNEL_MUX_CLIENT:
        -:  660:		case SSH_CHANNEL_MUX_PROXY:
        -:  661:		case SSH_CHANNEL_OPENING:
        -:  662:		case SSH_CHANNEL_CONNECTING:
        -:  663:		case SSH_CHANNEL_ZOMBIE:
        -:  664:		case SSH_CHANNEL_ABANDONED:
        -:  665:		case SSH_CHANNEL_UNIX_LISTENER:
        -:  666:		case SSH_CHANNEL_RUNIX_LISTENER:
    #####:  667:			continue;
        -:  668:		case SSH_CHANNEL_LARVAL:
        -:  669:		case SSH_CHANNEL_AUTH_SOCKET:
        -:  670:		case SSH_CHANNEL_OPEN:
        -:  671:		case SSH_CHANNEL_X11_OPEN:
    #####:  672:			return i;
        -:  673:		case SSH_CHANNEL_INPUT_DRAINING:
        -:  674:		case SSH_CHANNEL_OUTPUT_DRAINING:
    #####:  675:			if (!compat13)
    #####:  676:				fatal("cannot happen: OUT_DRAIN");
    #####:  677:			return i;
        -:  678:		default:
    #####:  679:			fatal("channel_find_open: bad channel type %d", c->type);
        -:  680:			/* NOTREACHED */
        -:  681:		}
        -:  682:	}
    #####:  683:	return -1;
        -:  684:}
        -:  685:
        -:  686:/*
        -:  687: * Returns a message describing the currently open forwarded connections,
        -:  688: * suitable for sending to the client.  The message contains crlf pairs for
        -:  689: * newlines.
        -:  690: */
        -:  691:char *
        2:  692:channel_open_message(void)
        -:  693:{
        -:  694:	Buffer buffer;
        -:  695:	Channel *c;
        -:  696:	char buf[1024], *cp;
        -:  697:	u_int i;
        -:  698:
        2:  699:	buffer_init(&buffer);
        2:  700:	snprintf(buf, sizeof buf, "The following connections are open:\r\n");
        2:  701:	buffer_append(&buffer, buf, strlen(buf));
       22:  702:	for (i = 0; i < channels_alloc; i++) {
       20:  703:		c = channels[i];
       20:  704:		if (c == NULL)
       18:  705:			continue;
        2:  706:		switch (c->type) {
        -:  707:		case SSH_CHANNEL_X11_LISTENER:
        -:  708:		case SSH_CHANNEL_PORT_LISTENER:
        -:  709:		case SSH_CHANNEL_RPORT_LISTENER:
        -:  710:		case SSH_CHANNEL_CLOSED:
        -:  711:		case SSH_CHANNEL_AUTH_SOCKET:
        -:  712:		case SSH_CHANNEL_ZOMBIE:
        -:  713:		case SSH_CHANNEL_ABANDONED:
        -:  714:		case SSH_CHANNEL_MUX_LISTENER:
        -:  715:		case SSH_CHANNEL_UNIX_LISTENER:
        -:  716:		case SSH_CHANNEL_RUNIX_LISTENER:
    #####:  717:			continue;
        -:  718:		case SSH_CHANNEL_LARVAL:
        -:  719:		case SSH_CHANNEL_OPENING:
        -:  720:		case SSH_CHANNEL_CONNECTING:
        -:  721:		case SSH_CHANNEL_DYNAMIC:
        -:  722:		case SSH_CHANNEL_OPEN:
        -:  723:		case SSH_CHANNEL_X11_OPEN:
        -:  724:		case SSH_CHANNEL_INPUT_DRAINING:
        -:  725:		case SSH_CHANNEL_OUTPUT_DRAINING:
        -:  726:		case SSH_CHANNEL_MUX_PROXY:
        -:  727:		case SSH_CHANNEL_MUX_CLIENT:
        6:  728:			snprintf(buf, sizeof buf,
        -:  729:			    "  #%d %.300s (t%d r%d i%u/%d o%u/%d fd %d/%d cc %d)\r\n",
        -:  730:			    c->self, c->remote_name,
        -:  731:			    c->type, c->remote_id,
        2:  732:			    c->istate, buffer_len(&c->input),
        2:  733:			    c->ostate, buffer_len(&c->output),
        -:  734:			    c->rfd, c->wfd, c->ctl_chan);
        2:  735:			buffer_append(&buffer, buf, strlen(buf));
        2:  736:			continue;
        -:  737:		default:
    #####:  738:			fatal("channel_open_message: bad channel type %d", c->type);
        -:  739:			/* NOTREACHED */
        -:  740:		}
        -:  741:	}
        2:  742:	buffer_append(&buffer, "\0", 1);
        2:  743:	cp = xstrdup((char *)buffer_ptr(&buffer));
        2:  744:	buffer_free(&buffer);
        2:  745:	return cp;
        -:  746:}
        -:  747:
        -:  748:void
        2:  749:channel_send_open(int id)
        -:  750:{
        2:  751:	Channel *c = channel_lookup(id);
        -:  752:
        2:  753:	if (c == NULL) {
    #####:  754:		logit("channel_send_open: %d: bad id", id);
        2:  755:		return;
        -:  756:	}
        2:  757:	debug2("channel %d: send open", id);
        2:  758:	packet_start(SSH2_MSG_CHANNEL_OPEN);
        2:  759:	packet_put_cstring(c->ctype);
        2:  760:	packet_put_int(c->self);
        2:  761:	packet_put_int(c->local_window);
        2:  762:	packet_put_int(c->local_maxpacket);
        2:  763:	packet_send();
        -:  764:}
        -:  765:
        -:  766:void
        4:  767:channel_request_start(int id, char *service, int wantconfirm)
        -:  768:{
        4:  769:	Channel *c = channel_lookup(id);
        -:  770:
        4:  771:	if (c == NULL) {
    #####:  772:		logit("channel_request_start: %d: unknown channel id", id);
        4:  773:		return;
        -:  774:	}
        4:  775:	debug2("channel %d: request %s confirm %d", id, service, wantconfirm);
        4:  776:	packet_start(SSH2_MSG_CHANNEL_REQUEST);
        4:  777:	packet_put_int(c->remote_id);
        4:  778:	packet_put_cstring(service);
        4:  779:	packet_put_char(wantconfirm);
        -:  780:}
        -:  781:
        -:  782:void
        4:  783:channel_register_status_confirm(int id, channel_confirm_cb *cb,
        -:  784:    channel_confirm_abandon_cb *abandon_cb, void *ctx)
        -:  785:{
        -:  786:	struct channel_confirm *cc;
        -:  787:	Channel *c;
        -:  788:
        4:  789:	if ((c = channel_lookup(id)) == NULL)
    #####:  790:		fatal("channel_register_expect: %d: bad id", id);
        -:  791:
        4:  792:	cc = xcalloc(1, sizeof(*cc));
        4:  793:	cc->cb = cb;
        4:  794:	cc->abandon_cb = abandon_cb;
        4:  795:	cc->ctx = ctx;
        4:  796:	TAILQ_INSERT_TAIL(&c->status_confirms, cc, entry);
        4:  797:}
        -:  798:
        -:  799:void
        2:  800:channel_register_open_confirm(int id, channel_open_fn *fn, void *ctx)
        -:  801:{
        2:  802:	Channel *c = channel_lookup(id);
        -:  803:
        2:  804:	if (c == NULL) {
    #####:  805:		logit("channel_register_open_confirm: %d: bad id", id);
        2:  806:		return;
        -:  807:	}
        2:  808:	c->open_confirm = fn;
        2:  809:	c->open_confirm_ctx = ctx;
        -:  810:}
        -:  811:
        -:  812:void
        2:  813:channel_register_cleanup(int id, channel_callback_fn *fn, int do_close)
        -:  814:{
        2:  815:	Channel *c = channel_by_id(id);
        -:  816:
        2:  817:	if (c == NULL) {
    #####:  818:		logit("channel_register_cleanup: %d: bad id", id);
        2:  819:		return;
        -:  820:	}
        2:  821:	c->detach_user = fn;
        2:  822:	c->detach_close = do_close;
        -:  823:}
        -:  824:
        -:  825:void
        2:  826:channel_cancel_cleanup(int id)
        -:  827:{
        2:  828:	Channel *c = channel_by_id(id);
        -:  829:
        2:  830:	if (c == NULL) {
    #####:  831:		logit("channel_cancel_cleanup: %d: bad id", id);
        2:  832:		return;
        -:  833:	}
        2:  834:	c->detach_user = NULL;
        2:  835:	c->detach_close = 0;
        -:  836:}
        -:  837:
        -:  838:void
        2:  839:channel_register_filter(int id, channel_infilter_fn *ifn,
        -:  840:    channel_outfilter_fn *ofn, channel_filter_cleanup_fn *cfn, void *ctx)
        -:  841:{
        2:  842:	Channel *c = channel_lookup(id);
        -:  843:
        2:  844:	if (c == NULL) {
    #####:  845:		logit("channel_register_filter: %d: bad id", id);
        2:  846:		return;
        -:  847:	}
        2:  848:	c->input_filter = ifn;
        2:  849:	c->output_filter = ofn;
        2:  850:	c->filter_ctx = ctx;
        2:  851:	c->filter_cleanup = cfn;
        -:  852:}
        -:  853:
        -:  854:void
    #####:  855:channel_set_fds(int id, int rfd, int wfd, int efd,
        -:  856:    int extusage, int nonblock, int is_tty, u_int window_max)
        -:  857:{
    #####:  858:	Channel *c = channel_lookup(id);
        -:  859:
    #####:  860:	if (c == NULL || c->type != SSH_CHANNEL_LARVAL)
    #####:  861:		fatal("channel_activate for non-larval channel %d.", id);
    #####:  862:	channel_register_fds(c, rfd, wfd, efd, extusage, nonblock, is_tty);
    #####:  863:	c->type = SSH_CHANNEL_OPEN;
    #####:  864:	c->local_window = c->local_window_max = window_max;
    #####:  865:	packet_start(SSH2_MSG_CHANNEL_WINDOW_ADJUST);
    #####:  866:	packet_put_int(c->remote_id);
    #####:  867:	packet_put_int(c->local_window);
    #####:  868:	packet_send();
    #####:  869:}
        -:  870:
        -:  871:/*
        -:  872: * 'channel_pre*' are called just before select() to add any bits relevant to
        -:  873: * channels in the select bitmasks.
        -:  874: */
        -:  875:/*
        -:  876: * 'channel_post*': perform any appropriate operations for channels which
        -:  877: * have events pending.
        -:  878: */
        -:  879:typedef void chan_fn(Channel *c, fd_set *readset, fd_set *writeset);
        -:  880:chan_fn *channel_pre[SSH_CHANNEL_MAX_TYPE];
        -:  881:chan_fn *channel_post[SSH_CHANNEL_MAX_TYPE];
        -:  882:
        -:  883:/* ARGSUSED */
        -:  884:static void
    #####:  885:channel_pre_listener(Channel *c, fd_set *readset, fd_set *writeset)
        -:  886:{
    #####:  887:	FD_SET(c->sock, readset);
    #####:  888:}
        -:  889:
        -:  890:/* ARGSUSED */
        -:  891:static void
    #####:  892:channel_pre_connecting(Channel *c, fd_set *readset, fd_set *writeset)
        -:  893:{
    #####:  894:	debug3("channel %d: waiting for connection", c->self);
    #####:  895:	FD_SET(c->sock, writeset);
    #####:  896:}
        -:  897:
        -:  898:static void
    #####:  899:channel_pre_open_13(Channel *c, fd_set *readset, fd_set *writeset)
        -:  900:{
    #####:  901:	if (buffer_len(&c->input) < packet_get_maxsize())
    #####:  902:		FD_SET(c->sock, readset);
    #####:  903:	if (buffer_len(&c->output) > 0)
    #####:  904:		FD_SET(c->sock, writeset);
    #####:  905:}
        -:  906:
        -:  907:static void
      308:  908:channel_pre_open(Channel *c, fd_set *readset, fd_set *writeset)
        -:  909:{
      308:  910:	u_int limit = compat20 ? c->remote_window : packet_get_maxsize();
        -:  911:
      308:  912:	if (c->istate == CHAN_INPUT_OPEN &&
      302:  913:	    limit > 0 &&
      604:  914:	    buffer_len(&c->input) < limit &&
      302:  915:	    buffer_check_alloc(&c->input, CHAN_RBUF))
      302:  916:		FD_SET(c->rfd, readset);
      310:  917:	if (c->ostate == CHAN_OUTPUT_OPEN ||
        2:  918:	    c->ostate == CHAN_OUTPUT_WAIT_DRAIN) {
      306:  919:		if (buffer_len(&c->output) > 0) {
       86:  920:			FD_SET(c->wfd, writeset);
      220:  921:		} else if (c->ostate == CHAN_OUTPUT_WAIT_DRAIN) {
    #####:  922:			if (CHANNEL_EFD_OUTPUT_ACTIVE(c))
    #####:  923:				debug2("channel %d: obuf_empty delayed efd %d/(%d)",
    #####:  924:				    c->self, c->efd, buffer_len(&c->extended));
        -:  925:			else
    #####:  926:				chan_obuf_empty(c);
        -:  927:		}
        -:  928:	}
        -:  929:	/** XXX check close conditions, too */
      616:  930:	if (compat20 && c->efd != -1 && 
      310:  931:	    !(c->istate == CHAN_INPUT_CLOSED && c->ostate == CHAN_OUTPUT_CLOSED)) {
      612:  932:		if (c->extended_usage == CHAN_EXTENDED_WRITE &&
      306:  933:		    buffer_len(&c->extended) > 0)
    #####:  934:			FD_SET(c->efd, writeset);
      612:  935:		else if (c->efd != -1 && !(c->flags & CHAN_EOF_SENT) &&
      612:  936:		    (c->extended_usage == CHAN_EXTENDED_READ ||
      306:  937:		    c->extended_usage == CHAN_EXTENDED_IGNORE) &&
    #####:  938:		    buffer_len(&c->extended) < c->remote_window)
    #####:  939:			FD_SET(c->efd, readset);
        -:  940:	}
        -:  941:	/* XXX: What about efd? races? */
      308:  942:}
        -:  943:
        -:  944:/* ARGSUSED */
        -:  945:static void
    #####:  946:channel_pre_input_draining(Channel *c, fd_set *readset, fd_set *writeset)
        -:  947:{
    #####:  948:	if (buffer_len(&c->input) == 0) {
    #####:  949:		packet_start(SSH_MSG_CHANNEL_CLOSE);
    #####:  950:		packet_put_int(c->remote_id);
    #####:  951:		packet_send();
    #####:  952:		c->type = SSH_CHANNEL_CLOSED;
    #####:  953:		debug2("channel %d: closing after input drain.", c->self);
        -:  954:	}
    #####:  955:}
        -:  956:
        -:  957:/* ARGSUSED */
        -:  958:static void
    #####:  959:channel_pre_output_draining(Channel *c, fd_set *readset, fd_set *writeset)
        -:  960:{
    #####:  961:	if (buffer_len(&c->output) == 0)
    #####:  962:		chan_mark_dead(c);
        -:  963:	else
    #####:  964:		FD_SET(c->sock, writeset);
    #####:  965:}
        -:  966:
        -:  967:/*
        -:  968: * This is a special state for X11 authentication spoofing.  An opened X11
        -:  969: * connection (when authentication spoofing is being done) remains in this
        -:  970: * state until the first packet has been completely read.  The authentication
        -:  971: * data in that packet is then substituted by the real data if it matches the
        -:  972: * fake data, and the channel is put into normal mode.
        -:  973: * XXX All this happens at the client side.
        -:  974: * Returns: 0 = need more data, -1 = wrong cookie, 1 = ok
        -:  975: */
        -:  976:static int
    #####:  977:x11_open_helper(Buffer *b)
        -:  978:{
        -:  979:	u_char *ucp;
        -:  980:	u_int proto_len, data_len;
        -:  981:
        -:  982:	/* Is this being called after the refusal deadline? */
    #####:  983:	if (x11_refuse_time != 0 && (u_int)monotime() >= x11_refuse_time) {
    #####:  984:		verbose("Rejected X11 connection after ForwardX11Timeout "
        -:  985:		    "expired");
    #####:  986:		return -1;
        -:  987:	}
        -:  988:
        -:  989:	/* Check if the fixed size part of the packet is in buffer. */
    #####:  990:	if (buffer_len(b) < 12)
    #####:  991:		return 0;
        -:  992:
        -:  993:	/* Parse the lengths of variable-length fields. */
    #####:  994:	ucp = buffer_ptr(b);
    #####:  995:	if (ucp[0] == 0x42) {	/* Byte order MSB first. */
    #####:  996:		proto_len = 256 * ucp[6] + ucp[7];
    #####:  997:		data_len = 256 * ucp[8] + ucp[9];
    #####:  998:	} else if (ucp[0] == 0x6c) {	/* Byte order LSB first. */
    #####:  999:		proto_len = ucp[6] + 256 * ucp[7];
    #####: 1000:		data_len = ucp[8] + 256 * ucp[9];
        -: 1001:	} else {
    #####: 1002:		debug2("Initial X11 packet contains bad byte order byte: 0x%x",
    #####: 1003:		    ucp[0]);
    #####: 1004:		return -1;
        -: 1005:	}
        -: 1006:
        -: 1007:	/* Check if the whole packet is in buffer. */
    #####: 1008:	if (buffer_len(b) <
    #####: 1009:	    12 + ((proto_len + 3) & ~3) + ((data_len + 3) & ~3))
    #####: 1010:		return 0;
        -: 1011:
        -: 1012:	/* Check if authentication protocol matches. */
    #####: 1013:	if (proto_len != strlen(x11_saved_proto) ||
    #####: 1014:	    memcmp(ucp + 12, x11_saved_proto, proto_len) != 0) {
    #####: 1015:		debug2("X11 connection uses different authentication protocol.");
    #####: 1016:		return -1;
        -: 1017:	}
        -: 1018:	/* Check if authentication data matches our fake data. */
    #####: 1019:	if (data_len != x11_fake_data_len ||
    #####: 1020:	    timingsafe_bcmp(ucp + 12 + ((proto_len + 3) & ~3),
        -: 1021:		x11_fake_data, x11_fake_data_len) != 0) {
    #####: 1022:		debug2("X11 auth data does not match fake data.");
    #####: 1023:		return -1;
        -: 1024:	}
        -: 1025:	/* Check fake data length */
    #####: 1026:	if (x11_fake_data_len != x11_saved_data_len) {
    #####: 1027:		error("X11 fake_data_len %d != saved_data_len %d",
        -: 1028:		    x11_fake_data_len, x11_saved_data_len);
    #####: 1029:		return -1;
        -: 1030:	}
        -: 1031:	/*
        -: 1032:	 * Received authentication protocol and data match
        -: 1033:	 * our fake data. Substitute the fake data with real
        -: 1034:	 * data.
        -: 1035:	 */
    #####: 1036:	memcpy(ucp + 12 + ((proto_len + 3) & ~3),
        -: 1037:	    x11_saved_data, x11_saved_data_len);
    #####: 1038:	return 1;
        -: 1039:}
        -: 1040:
        -: 1041:static void
    #####: 1042:channel_pre_x11_open_13(Channel *c, fd_set *readset, fd_set *writeset)
        -: 1043:{
    #####: 1044:	int ret = x11_open_helper(&c->output);
        -: 1045:
    #####: 1046:	if (ret == 1) {
        -: 1047:		/* Start normal processing for the channel. */
    #####: 1048:		c->type = SSH_CHANNEL_OPEN;
    #####: 1049:		channel_pre_open_13(c, readset, writeset);
    #####: 1050:	} else if (ret == -1) {
        -: 1051:		/*
        -: 1052:		 * We have received an X11 connection that has bad
        -: 1053:		 * authentication information.
        -: 1054:		 */
    #####: 1055:		logit("X11 connection rejected because of wrong authentication.");
    #####: 1056:		buffer_clear(&c->input);
    #####: 1057:		buffer_clear(&c->output);
    #####: 1058:		channel_close_fd(&c->sock);
    #####: 1059:		c->sock = -1;
    #####: 1060:		c->type = SSH_CHANNEL_CLOSED;
    #####: 1061:		packet_start(SSH_MSG_CHANNEL_CLOSE);
    #####: 1062:		packet_put_int(c->remote_id);
    #####: 1063:		packet_send();
        -: 1064:	}
    #####: 1065:}
        -: 1066:
        -: 1067:static void
    #####: 1068:channel_pre_x11_open(Channel *c, fd_set *readset, fd_set *writeset)
        -: 1069:{
    #####: 1070:	int ret = x11_open_helper(&c->output);
        -: 1071:
        -: 1072:	/* c->force_drain = 1; */
        -: 1073:
    #####: 1074:	if (ret == 1) {
    #####: 1075:		c->type = SSH_CHANNEL_OPEN;
    #####: 1076:		channel_pre_open(c, readset, writeset);
    #####: 1077:	} else if (ret == -1) {
    #####: 1078:		logit("X11 connection rejected because of wrong authentication.");
    #####: 1079:		debug2("X11 rejected %d i%d/o%d", c->self, c->istate, c->ostate);
    #####: 1080:		chan_read_failed(c);
    #####: 1081:		buffer_clear(&c->input);
    #####: 1082:		chan_ibuf_empty(c);
    #####: 1083:		buffer_clear(&c->output);
        -: 1084:		/* for proto v1, the peer will send an IEOF */
    #####: 1085:		if (compat20)
    #####: 1086:			chan_write_failed(c);
        -: 1087:		else
    #####: 1088:			c->type = SSH_CHANNEL_OPEN;
    #####: 1089:		debug2("X11 closed %d i%d/o%d", c->self, c->istate, c->ostate);
        -: 1090:	}
    #####: 1091:}
        -: 1092:
        -: 1093:static void
    #####: 1094:channel_pre_mux_client(Channel *c, fd_set *readset, fd_set *writeset)
        -: 1095:{
    #####: 1096:	if (c->istate == CHAN_INPUT_OPEN && !c->mux_pause &&
    #####: 1097:	    buffer_check_alloc(&c->input, CHAN_RBUF))
    #####: 1098:		FD_SET(c->rfd, readset);
    #####: 1099:	if (c->istate == CHAN_INPUT_WAIT_DRAIN) {
        -: 1100:		/* clear buffer immediately (discard any partial packet) */
    #####: 1101:		buffer_clear(&c->input);
    #####: 1102:		chan_ibuf_empty(c);
        -: 1103:		/* Start output drain. XXX just kill chan? */
    #####: 1104:		chan_rcvd_oclose(c);
        -: 1105:	}
    #####: 1106:	if (c->ostate == CHAN_OUTPUT_OPEN ||
    #####: 1107:	    c->ostate == CHAN_OUTPUT_WAIT_DRAIN) {
    #####: 1108:		if (buffer_len(&c->output) > 0)
    #####: 1109:			FD_SET(c->wfd, writeset);
    #####: 1110:		else if (c->ostate == CHAN_OUTPUT_WAIT_DRAIN)
    #####: 1111:			chan_obuf_empty(c);
        -: 1112:	}
    #####: 1113:}
        -: 1114:
        -: 1115:/* try to decode a socks4 header */
        -: 1116:/* ARGSUSED */
        -: 1117:static int
    #####: 1118:channel_decode_socks4(Channel *c, fd_set *readset, fd_set *writeset)
        -: 1119:{
        -: 1120:	char *p, *host;
        -: 1121:	u_int len, have, i, found, need;
        -: 1122:	char username[256];
        -: 1123:	struct {
        -: 1124:		u_int8_t version;
        -: 1125:		u_int8_t command;
        -: 1126:		u_int16_t dest_port;
        -: 1127:		struct in_addr dest_addr;
        -: 1128:	} s4_req, s4_rsp;
        -: 1129:
    #####: 1130:	debug2("channel %d: decode socks4", c->self);
        -: 1131:
    #####: 1132:	have = buffer_len(&c->input);
    #####: 1133:	len = sizeof(s4_req);
    #####: 1134:	if (have < len)
    #####: 1135:		return 0;
    #####: 1136:	p = (char *)buffer_ptr(&c->input);
        -: 1137:
    #####: 1138:	need = 1;
        -: 1139:	/* SOCKS4A uses an invalid IP address 0.0.0.x */
    #####: 1140:	if (p[4] == 0 && p[5] == 0 && p[6] == 0 && p[7] != 0) {
    #####: 1141:		debug2("channel %d: socks4a request", c->self);
        -: 1142:		/* ... and needs an extra string (the hostname) */
    #####: 1143:		need = 2;
        -: 1144:	}
        -: 1145:	/* Check for terminating NUL on the string(s) */
    #####: 1146:	for (found = 0, i = len; i < have; i++) {
    #####: 1147:		if (p[i] == '\0') {
    #####: 1148:			found++;
    #####: 1149:			if (found == need)
    #####: 1150:				break;
        -: 1151:		}
    #####: 1152:		if (i > 1024) {
        -: 1153:			/* the peer is probably sending garbage */
    #####: 1154:			debug("channel %d: decode socks4: too long",
        -: 1155:			    c->self);
    #####: 1156:			return -1;
        -: 1157:		}
        -: 1158:	}
    #####: 1159:	if (found < need)
    #####: 1160:		return 0;
    #####: 1161:	buffer_get(&c->input, (char *)&s4_req.version, 1);
    #####: 1162:	buffer_get(&c->input, (char *)&s4_req.command, 1);
    #####: 1163:	buffer_get(&c->input, (char *)&s4_req.dest_port, 2);
    #####: 1164:	buffer_get(&c->input, (char *)&s4_req.dest_addr, 4);
    #####: 1165:	have = buffer_len(&c->input);
    #####: 1166:	p = (char *)buffer_ptr(&c->input);
    #####: 1167:	if (memchr(p, '\0', have) == NULL)
    #####: 1168:		fatal("channel %d: decode socks4: user not nul terminated",
        -: 1169:		    c->self);
    #####: 1170:	len = strlen(p);
    #####: 1171:	debug2("channel %d: decode socks4: user %s/%d", c->self, p, len);
    #####: 1172:	len++;					/* trailing '\0' */
    #####: 1173:	if (len > have)
    #####: 1174:		fatal("channel %d: decode socks4: len %d > have %d",
        -: 1175:		    c->self, len, have);
    #####: 1176:	strlcpy(username, p, sizeof(username));
    #####: 1177:	buffer_consume(&c->input, len);
        -: 1178:
    #####: 1179:	free(c->path);
    #####: 1180:	c->path = NULL;
    #####: 1181:	if (need == 1) {			/* SOCKS4: one string */
    #####: 1182:		host = inet_ntoa(s4_req.dest_addr);
    #####: 1183:		c->path = xstrdup(host);
        -: 1184:	} else {				/* SOCKS4A: two strings */
    #####: 1185:		have = buffer_len(&c->input);
    #####: 1186:		p = (char *)buffer_ptr(&c->input);
    #####: 1187:		len = strlen(p);
    #####: 1188:		debug2("channel %d: decode socks4a: host %s/%d",
        -: 1189:		    c->self, p, len);
    #####: 1190:		len++;				/* trailing '\0' */
    #####: 1191:		if (len > have)
    #####: 1192:			fatal("channel %d: decode socks4a: len %d > have %d",
        -: 1193:			    c->self, len, have);
    #####: 1194:		if (len > NI_MAXHOST) {
    #####: 1195:			error("channel %d: hostname \"%.100s\" too long",
        -: 1196:			    c->self, p);
    #####: 1197:			return -1;
        -: 1198:		}
    #####: 1199:		c->path = xstrdup(p);
    #####: 1200:		buffer_consume(&c->input, len);
        -: 1201:	}
    #####: 1202:	c->host_port = ntohs(s4_req.dest_port);
        -: 1203:
    #####: 1204:	debug2("channel %d: dynamic request: socks4 host %s port %u command %u",
    #####: 1205:	    c->self, c->path, c->host_port, s4_req.command);
        -: 1206:
    #####: 1207:	if (s4_req.command != 1) {
    #####: 1208:		debug("channel %d: cannot handle: %s cn %d",
    #####: 1209:		    c->self, need == 1 ? "SOCKS4" : "SOCKS4A", s4_req.command);
    #####: 1210:		return -1;
        -: 1211:	}
    #####: 1212:	s4_rsp.version = 0;			/* vn: 0 for reply */
    #####: 1213:	s4_rsp.command = 90;			/* cd: req granted */
    #####: 1214:	s4_rsp.dest_port = 0;			/* ignored */
    #####: 1215:	s4_rsp.dest_addr.s_addr = INADDR_ANY;	/* ignored */
    #####: 1216:	buffer_append(&c->output, &s4_rsp, sizeof(s4_rsp));
    #####: 1217:	return 1;
        -: 1218:}
        -: 1219:
        -: 1220:/* try to decode a socks5 header */
        -: 1221:#define SSH_SOCKS5_AUTHDONE	0x1000
        -: 1222:#define SSH_SOCKS5_NOAUTH	0x00
        -: 1223:#define SSH_SOCKS5_IPV4		0x01
        -: 1224:#define SSH_SOCKS5_DOMAIN	0x03
        -: 1225:#define SSH_SOCKS5_IPV6		0x04
        -: 1226:#define SSH_SOCKS5_CONNECT	0x01
        -: 1227:#define SSH_SOCKS5_SUCCESS	0x00
        -: 1228:
        -: 1229:/* ARGSUSED */
        -: 1230:static int
    #####: 1231:channel_decode_socks5(Channel *c, fd_set *readset, fd_set *writeset)
        -: 1232:{
        -: 1233:	struct {
        -: 1234:		u_int8_t version;
        -: 1235:		u_int8_t command;
        -: 1236:		u_int8_t reserved;
        -: 1237:		u_int8_t atyp;
        -: 1238:	} s5_req, s5_rsp;
        -: 1239:	u_int16_t dest_port;
        -: 1240:	char dest_addr[255+1], ntop[INET6_ADDRSTRLEN];
        -: 1241:	u_char *p;
        -: 1242:	u_int have, need, i, found, nmethods, addrlen, af;
        -: 1243:
    #####: 1244:	debug2("channel %d: decode socks5", c->self);
    #####: 1245:	p = buffer_ptr(&c->input);
    #####: 1246:	if (p[0] != 0x05)
    #####: 1247:		return -1;
    #####: 1248:	have = buffer_len(&c->input);
    #####: 1249:	if (!(c->flags & SSH_SOCKS5_AUTHDONE)) {
        -: 1250:		/* format: ver | nmethods | methods */
    #####: 1251:		if (have < 2)
    #####: 1252:			return 0;
    #####: 1253:		nmethods = p[1];
    #####: 1254:		if (have < nmethods + 2)
    #####: 1255:			return 0;
        -: 1256:		/* look for method: "NO AUTHENTICATION REQUIRED" */
    #####: 1257:		for (found = 0, i = 2; i < nmethods + 2; i++) {
    #####: 1258:			if (p[i] == SSH_SOCKS5_NOAUTH) {
    #####: 1259:				found = 1;
    #####: 1260:				break;
        -: 1261:			}
        -: 1262:		}
    #####: 1263:		if (!found) {
    #####: 1264:			debug("channel %d: method SSH_SOCKS5_NOAUTH not found",
        -: 1265:			    c->self);
    #####: 1266:			return -1;
        -: 1267:		}
    #####: 1268:		buffer_consume(&c->input, nmethods + 2);
    #####: 1269:		buffer_put_char(&c->output, 0x05);		/* version */
    #####: 1270:		buffer_put_char(&c->output, SSH_SOCKS5_NOAUTH);	/* method */
    #####: 1271:		FD_SET(c->sock, writeset);
    #####: 1272:		c->flags |= SSH_SOCKS5_AUTHDONE;
    #####: 1273:		debug2("channel %d: socks5 auth done", c->self);
    #####: 1274:		return 0;				/* need more */
        -: 1275:	}
    #####: 1276:	debug2("channel %d: socks5 post auth", c->self);
    #####: 1277:	if (have < sizeof(s5_req)+1)
    #####: 1278:		return 0;			/* need more */
    #####: 1279:	memcpy(&s5_req, p, sizeof(s5_req));
    #####: 1280:	if (s5_req.version != 0x05 ||
    #####: 1281:	    s5_req.command != SSH_SOCKS5_CONNECT ||
    #####: 1282:	    s5_req.reserved != 0x00) {
    #####: 1283:		debug2("channel %d: only socks5 connect supported", c->self);
    #####: 1284:		return -1;
        -: 1285:	}
    #####: 1286:	switch (s5_req.atyp){
        -: 1287:	case SSH_SOCKS5_IPV4:
    #####: 1288:		addrlen = 4;
    #####: 1289:		af = AF_INET;
    #####: 1290:		break;
        -: 1291:	case SSH_SOCKS5_DOMAIN:
    #####: 1292:		addrlen = p[sizeof(s5_req)];
    #####: 1293:		af = -1;
    #####: 1294:		break;
        -: 1295:	case SSH_SOCKS5_IPV6:
    #####: 1296:		addrlen = 16;
    #####: 1297:		af = AF_INET6;
    #####: 1298:		break;
        -: 1299:	default:
    #####: 1300:		debug2("channel %d: bad socks5 atyp %d", c->self, s5_req.atyp);
    #####: 1301:		return -1;
        -: 1302:	}
    #####: 1303:	need = sizeof(s5_req) + addrlen + 2;
    #####: 1304:	if (s5_req.atyp == SSH_SOCKS5_DOMAIN)
    #####: 1305:		need++;
    #####: 1306:	if (have < need)
    #####: 1307:		return 0;
    #####: 1308:	buffer_consume(&c->input, sizeof(s5_req));
    #####: 1309:	if (s5_req.atyp == SSH_SOCKS5_DOMAIN)
    #####: 1310:		buffer_consume(&c->input, 1);    /* host string length */
    #####: 1311:	buffer_get(&c->input, &dest_addr, addrlen);
    #####: 1312:	buffer_get(&c->input, (char *)&dest_port, 2);
    #####: 1313:	dest_addr[addrlen] = '\0';
    #####: 1314:	free(c->path);
    #####: 1315:	c->path = NULL;
    #####: 1316:	if (s5_req.atyp == SSH_SOCKS5_DOMAIN) {
    #####: 1317:		if (addrlen >= NI_MAXHOST) {
    #####: 1318:			error("channel %d: dynamic request: socks5 hostname "
        -: 1319:			    "\"%.100s\" too long", c->self, dest_addr);
    #####: 1320:			return -1;
        -: 1321:		}
    #####: 1322:		c->path = xstrdup(dest_addr);
        -: 1323:	} else {
    #####: 1324:		if (inet_ntop(af, dest_addr, ntop, sizeof(ntop)) == NULL)
    #####: 1325:			return -1;
    #####: 1326:		c->path = xstrdup(ntop);
        -: 1327:	}
    #####: 1328:	c->host_port = ntohs(dest_port);
        -: 1329:
    #####: 1330:	debug2("channel %d: dynamic request: socks5 host %s port %u command %u",
    #####: 1331:	    c->self, c->path, c->host_port, s5_req.command);
        -: 1332:
    #####: 1333:	s5_rsp.version = 0x05;
    #####: 1334:	s5_rsp.command = SSH_SOCKS5_SUCCESS;
    #####: 1335:	s5_rsp.reserved = 0;			/* ignored */
    #####: 1336:	s5_rsp.atyp = SSH_SOCKS5_IPV4;
    #####: 1337:	dest_port = 0;				/* ignored */
        -: 1338:
    #####: 1339:	buffer_append(&c->output, &s5_rsp, sizeof(s5_rsp));
    #####: 1340:	buffer_put_int(&c->output, ntohl(INADDR_ANY)); /* bind address */
    #####: 1341:	buffer_append(&c->output, &dest_port, sizeof(dest_port));
    #####: 1342:	return 1;
        -: 1343:}
        -: 1344:
        -: 1345:Channel *
    #####: 1346:channel_connect_stdio_fwd(const char *host_to_connect, u_short port_to_connect,
        -: 1347:    int in, int out)
        -: 1348:{
        -: 1349:	Channel *c;
        -: 1350:
    #####: 1351:	debug("channel_connect_stdio_fwd %s:%d", host_to_connect,
        -: 1352:	    port_to_connect);
        -: 1353:
    #####: 1354:	c = channel_new("stdio-forward", SSH_CHANNEL_OPENING, in, out,
        -: 1355:	    -1, CHAN_TCP_WINDOW_DEFAULT, CHAN_TCP_PACKET_DEFAULT,
        -: 1356:	    0, "stdio-forward", /*nonblock*/0);
        -: 1357:
    #####: 1358:	c->path = xstrdup(host_to_connect);
    #####: 1359:	c->host_port = port_to_connect;
    #####: 1360:	c->listening_port = 0;
    #####: 1361:	c->force_drain = 1;
        -: 1362:
    #####: 1363:	channel_register_fds(c, in, out, -1, 0, 1, 0);
    #####: 1364:	port_open_helper(c, "direct-tcpip");
        -: 1365:
    #####: 1366:	return c;
        -: 1367:}
        -: 1368:
        -: 1369:/* dynamic port forwarding */
        -: 1370:static void
    #####: 1371:channel_pre_dynamic(Channel *c, fd_set *readset, fd_set *writeset)
        -: 1372:{
        -: 1373:	u_char *p;
        -: 1374:	u_int have;
        -: 1375:	int ret;
        -: 1376:
    #####: 1377:	have = buffer_len(&c->input);
    #####: 1378:	debug2("channel %d: pre_dynamic: have %d", c->self, have);
        -: 1379:	/* buffer_dump(&c->input); */
        -: 1380:	/* check if the fixed size part of the packet is in buffer. */
    #####: 1381:	if (have < 3) {
        -: 1382:		/* need more */
    #####: 1383:		FD_SET(c->sock, readset);
    #####: 1384:		return;
        -: 1385:	}
        -: 1386:	/* try to guess the protocol */
    #####: 1387:	p = buffer_ptr(&c->input);
    #####: 1388:	switch (p[0]) {
        -: 1389:	case 0x04:
    #####: 1390:		ret = channel_decode_socks4(c, readset, writeset);
    #####: 1391:		break;
        -: 1392:	case 0x05:
    #####: 1393:		ret = channel_decode_socks5(c, readset, writeset);
    #####: 1394:		break;
        -: 1395:	default:
    #####: 1396:		ret = -1;
    #####: 1397:		break;
        -: 1398:	}
    #####: 1399:	if (ret < 0) {
    #####: 1400:		chan_mark_dead(c);
    #####: 1401:	} else if (ret == 0) {
    #####: 1402:		debug2("channel %d: pre_dynamic: need more", c->self);
        -: 1403:		/* need more */
    #####: 1404:		FD_SET(c->sock, readset);
        -: 1405:	} else {
        -: 1406:		/* switch to the next state */
    #####: 1407:		c->type = SSH_CHANNEL_OPENING;
    #####: 1408:		port_open_helper(c, "direct-tcpip");
        -: 1409:	}
        -: 1410:}
        -: 1411:
        -: 1412:/* This is our fake X11 server socket. */
        -: 1413:/* ARGSUSED */
        -: 1414:static void
    #####: 1415:channel_post_x11_listener(Channel *c, fd_set *readset, fd_set *writeset)
        -: 1416:{
        -: 1417:	Channel *nc;
        -: 1418:	struct sockaddr_storage addr;
        -: 1419:	int newsock, oerrno;
        -: 1420:	socklen_t addrlen;
        -: 1421:	char buf[16384], *remote_ipaddr;
        -: 1422:	int remote_port;
        -: 1423:
    #####: 1424:	if (FD_ISSET(c->sock, readset)) {
    #####: 1425:		debug("X11 connection requested.");
    #####: 1426:		addrlen = sizeof(addr);
    #####: 1427:		newsock = accept(c->sock, (struct sockaddr *)&addr, &addrlen);
    #####: 1428:		if (c->single_connection) {
    #####: 1429:			oerrno = errno;
    #####: 1430:			debug2("single_connection: closing X11 listener.");
    #####: 1431:			channel_close_fd(&c->sock);
    #####: 1432:			chan_mark_dead(c);
    #####: 1433:			errno = oerrno;
        -: 1434:		}
    #####: 1435:		if (newsock < 0) {
    #####: 1436:			if (errno != EINTR && errno != EWOULDBLOCK &&
    #####: 1437:			    errno != ECONNABORTED)
    #####: 1438:				error("accept: %.100s", strerror(errno));
    #####: 1439:			if (errno == EMFILE || errno == ENFILE)
    #####: 1440:				c->notbefore = monotime() + 1;
    #####: 1441:			return;
        -: 1442:		}
    #####: 1443:		set_nodelay(newsock);
    #####: 1444:		remote_ipaddr = get_peer_ipaddr(newsock);
    #####: 1445:		remote_port = get_peer_port(newsock);
    #####: 1446:		snprintf(buf, sizeof buf, "X11 connection from %.200s port %d",
        -: 1447:		    remote_ipaddr, remote_port);
        -: 1448:
    #####: 1449:		nc = channel_new("accepted x11 socket",
        -: 1450:		    SSH_CHANNEL_OPENING, newsock, newsock, -1,
        -: 1451:		    c->local_window_max, c->local_maxpacket, 0, buf, 1);
    #####: 1452:		if (compat20) {
    #####: 1453:			packet_start(SSH2_MSG_CHANNEL_OPEN);
    #####: 1454:			packet_put_cstring("x11");
    #####: 1455:			packet_put_int(nc->self);
    #####: 1456:			packet_put_int(nc->local_window_max);
    #####: 1457:			packet_put_int(nc->local_maxpacket);
        -: 1458:			/* originator ipaddr and port */
    #####: 1459:			packet_put_cstring(remote_ipaddr);
    #####: 1460:			if (datafellows & SSH_BUG_X11FWD) {
    #####: 1461:				debug2("ssh2 x11 bug compat mode");
        -: 1462:			} else {
    #####: 1463:				packet_put_int(remote_port);
        -: 1464:			}
    #####: 1465:			packet_send();
        -: 1466:		} else {
    #####: 1467:			packet_start(SSH_SMSG_X11_OPEN);
    #####: 1468:			packet_put_int(nc->self);
    #####: 1469:			if (packet_get_protocol_flags() &
        -: 1470:			    SSH_PROTOFLAG_HOST_IN_FWD_OPEN)
    #####: 1471:				packet_put_cstring(buf);
    #####: 1472:			packet_send();
        -: 1473:		}
    #####: 1474:		free(remote_ipaddr);
        -: 1475:	}
        -: 1476:}
        -: 1477:
        -: 1478:static void
    #####: 1479:port_open_helper(Channel *c, char *rtype)
        -: 1480:{
        -: 1481:	char buf[1024];
    #####: 1482:	char *local_ipaddr = get_local_ipaddr(c->sock);
    #####: 1483:	int local_port = c->sock == -1 ? 65536 : get_local_port(c->sock);
    #####: 1484:	char *remote_ipaddr = get_peer_ipaddr(c->sock);
    #####: 1485:	int remote_port = get_peer_port(c->sock);
        -: 1486:
    #####: 1487:	if (remote_port == -1) {
        -: 1488:		/* Fake addr/port to appease peers that validate it (Tectia) */
    #####: 1489:		free(remote_ipaddr);
    #####: 1490:		remote_ipaddr = xstrdup("127.0.0.1");
    #####: 1491:		remote_port = 65535;
        -: 1492:	}
        -: 1493:
    #####: 1494:	snprintf(buf, sizeof buf,
        -: 1495:	    "%s: listening port %d for %.100s port %d, "
        -: 1496:	    "connect from %.200s port %d to %.100s port %d",
        -: 1497:	    rtype, c->listening_port, c->path, c->host_port,
        -: 1498:	    remote_ipaddr, remote_port, local_ipaddr, local_port);
        -: 1499:
    #####: 1500:	free(c->remote_name);
    #####: 1501:	c->remote_name = xstrdup(buf);
        -: 1502:
    #####: 1503:	if (compat20) {
    #####: 1504:		packet_start(SSH2_MSG_CHANNEL_OPEN);
    #####: 1505:		packet_put_cstring(rtype);
    #####: 1506:		packet_put_int(c->self);
    #####: 1507:		packet_put_int(c->local_window_max);
    #####: 1508:		packet_put_int(c->local_maxpacket);
    #####: 1509:		if (strcmp(rtype, "direct-tcpip") == 0) {
        -: 1510:			/* target host, port */
    #####: 1511:			packet_put_cstring(c->path);
    #####: 1512:			packet_put_int(c->host_port);
    #####: 1513:		} else if (strcmp(rtype, "direct-streamlocal@openssh.com") == 0) {
        -: 1514:			/* target path */
    #####: 1515:			packet_put_cstring(c->path);
    #####: 1516:		} else if (strcmp(rtype, "forwarded-streamlocal@openssh.com") == 0) {
        -: 1517:			/* listen path */
    #####: 1518:			packet_put_cstring(c->path);
        -: 1519:		} else {
        -: 1520:			/* listen address, port */
    #####: 1521:			packet_put_cstring(c->path);
    #####: 1522:			packet_put_int(local_port);
        -: 1523:		}
    #####: 1524:		if (strcmp(rtype, "forwarded-streamlocal@openssh.com") == 0) {
        -: 1525:			/* reserved for future owner/mode info */
    #####: 1526:			packet_put_cstring("");
        -: 1527:		} else {
        -: 1528:			/* originator host and port */
    #####: 1529:			packet_put_cstring(remote_ipaddr);
    #####: 1530:			packet_put_int((u_int)remote_port);
        -: 1531:		}
    #####: 1532:		packet_send();
        -: 1533:	} else {
    #####: 1534:		packet_start(SSH_MSG_PORT_OPEN);
    #####: 1535:		packet_put_int(c->self);
    #####: 1536:		packet_put_cstring(c->path);
    #####: 1537:		packet_put_int(c->host_port);
    #####: 1538:		if (packet_get_protocol_flags() &
        -: 1539:		    SSH_PROTOFLAG_HOST_IN_FWD_OPEN)
    #####: 1540:			packet_put_cstring(c->remote_name);
    #####: 1541:		packet_send();
        -: 1542:	}
    #####: 1543:	free(remote_ipaddr);
    #####: 1544:	free(local_ipaddr);
    #####: 1545:}
        -: 1546:
        -: 1547:static void
    #####: 1548:channel_set_reuseaddr(int fd)
        -: 1549:{
    #####: 1550:	int on = 1;
        -: 1551:
        -: 1552:	/*
        -: 1553:	 * Set socket options.
        -: 1554:	 * Allow local port reuse in TIME_WAIT.
        -: 1555:	 */
    #####: 1556:	if (setsockopt(fd, SOL_SOCKET, SO_REUSEADDR, &on, sizeof(on)) == -1)
    #####: 1557:		error("setsockopt SO_REUSEADDR fd %d: %s", fd, strerror(errno));
    #####: 1558:}
        -: 1559:
        -: 1560:void
    #####: 1561:channel_set_x11_refuse_time(u_int refuse_time)
        -: 1562:{
    #####: 1563:	x11_refuse_time = refuse_time;
    #####: 1564:}
        -: 1565:
        -: 1566:/*
        -: 1567: * This socket is listening for connections to a forwarded TCP/IP port.
        -: 1568: */
        -: 1569:/* ARGSUSED */
        -: 1570:static void
    #####: 1571:channel_post_port_listener(Channel *c, fd_set *readset, fd_set *writeset)
        -: 1572:{
        -: 1573:	Channel *nc;
        -: 1574:	struct sockaddr_storage addr;
        -: 1575:	int newsock, nextstate;
        -: 1576:	socklen_t addrlen;
        -: 1577:	char *rtype;
        -: 1578:
    #####: 1579:	if (FD_ISSET(c->sock, readset)) {
    #####: 1580:		debug("Connection to port %d forwarding "
        -: 1581:		    "to %.100s port %d requested.",
        -: 1582:		    c->listening_port, c->path, c->host_port);
        -: 1583:
    #####: 1584:		if (c->type == SSH_CHANNEL_RPORT_LISTENER) {
    #####: 1585:			nextstate = SSH_CHANNEL_OPENING;
    #####: 1586:			rtype = "forwarded-tcpip";
    #####: 1587:		} else if (c->type == SSH_CHANNEL_RUNIX_LISTENER) {
    #####: 1588:			nextstate = SSH_CHANNEL_OPENING;
    #####: 1589:			rtype = "forwarded-streamlocal@openssh.com";
    #####: 1590:		} else if (c->host_port == PORT_STREAMLOCAL) {
    #####: 1591:			nextstate = SSH_CHANNEL_OPENING;
    #####: 1592:			rtype = "direct-streamlocal@openssh.com";
    #####: 1593:		} else if (c->host_port == 0) {
    #####: 1594:			nextstate = SSH_CHANNEL_DYNAMIC;
    #####: 1595:			rtype = "dynamic-tcpip";
        -: 1596:		} else {
    #####: 1597:			nextstate = SSH_CHANNEL_OPENING;
    #####: 1598:			rtype = "direct-tcpip";
        -: 1599:		}
        -: 1600:
    #####: 1601:		addrlen = sizeof(addr);
    #####: 1602:		newsock = accept(c->sock, (struct sockaddr *)&addr, &addrlen);
    #####: 1603:		if (newsock < 0) {
    #####: 1604:			if (errno != EINTR && errno != EWOULDBLOCK &&
    #####: 1605:			    errno != ECONNABORTED)
    #####: 1606:				error("accept: %.100s", strerror(errno));
    #####: 1607:			if (errno == EMFILE || errno == ENFILE)
    #####: 1608:				c->notbefore = monotime() + 1;
    #####: 1609:			return;
        -: 1610:		}
    #####: 1611:		if (c->host_port != PORT_STREAMLOCAL)
    #####: 1612:			set_nodelay(newsock);
    #####: 1613:		nc = channel_new(rtype, nextstate, newsock, newsock, -1,
        -: 1614:		    c->local_window_max, c->local_maxpacket, 0, rtype, 1);
    #####: 1615:		nc->listening_port = c->listening_port;
    #####: 1616:		nc->host_port = c->host_port;
    #####: 1617:		if (c->path != NULL)
    #####: 1618:			nc->path = xstrdup(c->path);
        -: 1619:
    #####: 1620:		if (nextstate != SSH_CHANNEL_DYNAMIC)
    #####: 1621:			port_open_helper(nc, rtype);
        -: 1622:	}
        -: 1623:}
        -: 1624:
        -: 1625:/*
        -: 1626: * This is the authentication agent socket listening for connections from
        -: 1627: * clients.
        -: 1628: */
        -: 1629:/* ARGSUSED */
        -: 1630:static void
    #####: 1631:channel_post_auth_listener(Channel *c, fd_set *readset, fd_set *writeset)
        -: 1632:{
        -: 1633:	Channel *nc;
        -: 1634:	int newsock;
        -: 1635:	struct sockaddr_storage addr;
        -: 1636:	socklen_t addrlen;
        -: 1637:
    #####: 1638:	if (FD_ISSET(c->sock, readset)) {
    #####: 1639:		addrlen = sizeof(addr);
    #####: 1640:		newsock = accept(c->sock, (struct sockaddr *)&addr, &addrlen);
    #####: 1641:		if (newsock < 0) {
    #####: 1642:			error("accept from auth socket: %.100s",
    #####: 1643:			    strerror(errno));
    #####: 1644:			if (errno == EMFILE || errno == ENFILE)
    #####: 1645:				c->notbefore = monotime() + 1;
    #####: 1646:			return;
        -: 1647:		}
    #####: 1648:		nc = channel_new("accepted auth socket",
        -: 1649:		    SSH_CHANNEL_OPENING, newsock, newsock, -1,
        -: 1650:		    c->local_window_max, c->local_maxpacket,
        -: 1651:		    0, "accepted auth socket", 1);
    #####: 1652:		if (compat20) {
    #####: 1653:			packet_start(SSH2_MSG_CHANNEL_OPEN);
    #####: 1654:			packet_put_cstring("auth-agent@openssh.com");
    #####: 1655:			packet_put_int(nc->self);
    #####: 1656:			packet_put_int(c->local_window_max);
    #####: 1657:			packet_put_int(c->local_maxpacket);
        -: 1658:		} else {
    #####: 1659:			packet_start(SSH_SMSG_AGENT_OPEN);
    #####: 1660:			packet_put_int(nc->self);
        -: 1661:		}
    #####: 1662:		packet_send();
        -: 1663:	}
        -: 1664:}
        -: 1665:
        -: 1666:/* ARGSUSED */
        -: 1667:static void
    #####: 1668:channel_post_connecting(Channel *c, fd_set *readset, fd_set *writeset)
        -: 1669:{
    #####: 1670:	int err = 0, sock;
    #####: 1671:	socklen_t sz = sizeof(err);
        -: 1672:
    #####: 1673:	if (FD_ISSET(c->sock, writeset)) {
    #####: 1674:		if (getsockopt(c->sock, SOL_SOCKET, SO_ERROR, &err, &sz) < 0) {
    #####: 1675:			err = errno;
    #####: 1676:			error("getsockopt SO_ERROR failed");
        -: 1677:		}
    #####: 1678:		if (err == 0) {
    #####: 1679:			debug("channel %d: connected to %s port %d",
        -: 1680:			    c->self, c->connect_ctx.host, c->connect_ctx.port);
    #####: 1681:			channel_connect_ctx_free(&c->connect_ctx);
    #####: 1682:			c->type = SSH_CHANNEL_OPEN;
    #####: 1683:			if (compat20) {
    #####: 1684:				packet_start(SSH2_MSG_CHANNEL_OPEN_CONFIRMATION);
    #####: 1685:				packet_put_int(c->remote_id);
    #####: 1686:				packet_put_int(c->self);
    #####: 1687:				packet_put_int(c->local_window);
    #####: 1688:				packet_put_int(c->local_maxpacket);
        -: 1689:			} else {
    #####: 1690:				packet_start(SSH_MSG_CHANNEL_OPEN_CONFIRMATION);
    #####: 1691:				packet_put_int(c->remote_id);
    #####: 1692:				packet_put_int(c->self);
        -: 1693:			}
        -: 1694:		} else {
    #####: 1695:			debug("channel %d: connection failed: %s",
        -: 1696:			    c->self, strerror(err));
        -: 1697:			/* Try next address, if any */
    #####: 1698:			if ((sock = connect_next(&c->connect_ctx)) > 0) {
    #####: 1699:				close(c->sock);
    #####: 1700:				c->sock = c->rfd = c->wfd = sock;
    #####: 1701:				channel_max_fd = channel_find_maxfd();
    #####: 1702:				return;
        -: 1703:			}
        -: 1704:			/* Exhausted all addresses */
    #####: 1705:			error("connect_to %.100s port %d: failed.",
        -: 1706:			    c->connect_ctx.host, c->connect_ctx.port);
    #####: 1707:			channel_connect_ctx_free(&c->connect_ctx);
    #####: 1708:			if (compat20) {
    #####: 1709:				packet_start(SSH2_MSG_CHANNEL_OPEN_FAILURE);
    #####: 1710:				packet_put_int(c->remote_id);
    #####: 1711:				packet_put_int(SSH2_OPEN_CONNECT_FAILED);
    #####: 1712:				if (!(datafellows & SSH_BUG_OPENFAILURE)) {
    #####: 1713:					packet_put_cstring(strerror(err));
    #####: 1714:					packet_put_cstring("");
        -: 1715:				}
        -: 1716:			} else {
    #####: 1717:				packet_start(SSH_MSG_CHANNEL_OPEN_FAILURE);
    #####: 1718:				packet_put_int(c->remote_id);
        -: 1719:			}
    #####: 1720:			chan_mark_dead(c);
        -: 1721:		}
    #####: 1722:		packet_send();
        -: 1723:	}
        -: 1724:}
        -: 1725:
        -: 1726:/* ARGSUSED */
        -: 1727:static int
      306: 1728:channel_handle_rfd(Channel *c, fd_set *readset, fd_set *writeset)
        -: 1729:{
        -: 1730:	char buf[CHAN_RBUF];
        -: 1731:	int len, force;
        -: 1732:
      306: 1733:	force = c->isatty && c->detach_close && c->istate != CHAN_INPUT_CLOSED;
      306: 1734:	if (c->rfd != -1 && (force || FD_ISSET(c->rfd, readset))) {
       66: 1735:		errno = 0;
       66: 1736:		len = read(c->rfd, buf, sizeof(buf));
       66: 1737:		if (len < 0 && (errno == EINTR ||
    #####: 1738:		    ((errno == EAGAIN || errno == EWOULDBLOCK) && !force)))
    #####: 1739:			return 1;
        -: 1740:#ifndef PTY_ZEROREAD
       66: 1741:		if (len <= 0) {
        -: 1742:#else
        -: 1743:		if ((!c->isatty && len <= 0) ||
        -: 1744:		    (c->isatty && (len < 0 || (len == 0 && errno != 0)))) {
        -: 1745:#endif
    #####: 1746:			debug2("channel %d: read<=0 rfd %d len %d",
        -: 1747:			    c->self, c->rfd, len);
    #####: 1748:			if (c->type != SSH_CHANNEL_OPEN) {
    #####: 1749:				debug2("channel %d: not open", c->self);
    #####: 1750:				chan_mark_dead(c);
    #####: 1751:				return -1;
    #####: 1752:			} else if (compat13) {
    #####: 1753:				buffer_clear(&c->output);
    #####: 1754:				c->type = SSH_CHANNEL_INPUT_DRAINING;
    #####: 1755:				debug2("channel %d: input draining.", c->self);
        -: 1756:			} else {
    #####: 1757:				chan_read_failed(c);
        -: 1758:			}
    #####: 1759:			return -1;
        -: 1760:		}
       66: 1761:		if (c->input_filter != NULL) {
       66: 1762:			if (c->input_filter(c, buf, len) == -1) {
    #####: 1763:				debug2("channel %d: filter stops", c->self);
    #####: 1764:				chan_read_failed(c);
        -: 1765:			}
    #####: 1766:		} else if (c->datagram) {
    #####: 1767:			buffer_put_string(&c->input, buf, len);
        -: 1768:		} else {
    #####: 1769:			buffer_append(&c->input, buf, len);
        -: 1770:		}
        -: 1771:	}
      306: 1772:	return 1;
        -: 1773:}
        -: 1774:
        -: 1775:/* ARGSUSED */
        -: 1776:static int
      306: 1777:channel_handle_wfd(Channel *c, fd_set *readset, fd_set *writeset)
        -: 1778:{
        -: 1779:	struct termios tio;
      306: 1780:	u_char *data = NULL, *buf;
      306: 1781:	u_int dlen, olen = 0;
        -: 1782:	int len;
        -: 1783:
        -: 1784:	/* Send buffered output data to the socket. */
      612: 1785:	if (c->wfd != -1 &&
      389: 1786:	    FD_ISSET(c->wfd, writeset) &&
       83: 1787:	    buffer_len(&c->output) > 0) {
       83: 1788:		olen = buffer_len(&c->output);
       83: 1789:		if (c->output_filter != NULL) {
    #####: 1790:			if ((buf = c->output_filter(c, &data, &dlen)) == NULL) {
    #####: 1791:				debug2("channel %d: filter stops", c->self);
    #####: 1792:				if (c->type != SSH_CHANNEL_OPEN)
    #####: 1793:					chan_mark_dead(c);
        -: 1794:				else
    #####: 1795:					chan_write_failed(c);
    #####: 1796:				return -1;
        -: 1797:			}
       83: 1798:		} else if (c->datagram) {
    #####: 1799:			buf = data = buffer_get_string(&c->output, &dlen);
        -: 1800:		} else {
       83: 1801:			buf = data = buffer_ptr(&c->output);
       83: 1802:			dlen = buffer_len(&c->output);
        -: 1803:		}
        -: 1804:
       83: 1805:		if (c->datagram) {
        -: 1806:			/* ignore truncated writes, datagrams might get lost */
    #####: 1807:			len = write(c->wfd, buf, dlen);
    #####: 1808:			free(data);
    #####: 1809:			if (len < 0 && (errno == EINTR || errno == EAGAIN ||
    #####: 1810:			    errno == EWOULDBLOCK))
    #####: 1811:				return 1;
    #####: 1812:			if (len <= 0) {
    #####: 1813:				if (c->type != SSH_CHANNEL_OPEN)
    #####: 1814:					chan_mark_dead(c);
        -: 1815:				else
    #####: 1816:					chan_write_failed(c);
    #####: 1817:				return -1;
        -: 1818:			}
    #####: 1819:			goto out;
        -: 1820:		}
        -: 1821:#ifdef _AIX
        -: 1822:		/* XXX: Later AIX versions can't push as much data to tty */
        -: 1823:		if (compat20 && c->wfd_isatty)
        -: 1824:			dlen = MIN(dlen, 8*1024);
        -: 1825:#endif
        -: 1826:
       83: 1827:		len = write(c->wfd, buf, dlen);
       83: 1828:		if (len < 0 &&
    #####: 1829:		    (errno == EINTR || errno == EAGAIN || errno == EWOULDBLOCK))
    #####: 1830:			return 1;
       83: 1831:		if (len <= 0) {
    #####: 1832:			if (c->type != SSH_CHANNEL_OPEN) {
    #####: 1833:				debug2("channel %d: not open", c->self);
    #####: 1834:				chan_mark_dead(c);
    #####: 1835:				return -1;
    #####: 1836:			} else if (compat13) {
    #####: 1837:				buffer_clear(&c->output);
    #####: 1838:				debug2("channel %d: input draining.", c->self);
    #####: 1839:				c->type = SSH_CHANNEL_INPUT_DRAINING;
        -: 1840:			} else {
    #####: 1841:				chan_write_failed(c);
        -: 1842:			}
    #####: 1843:			return -1;
        -: 1844:		}
        -: 1845:#ifndef BROKEN_TCGETATTR_ICANON
       83: 1846:		if (compat20 && c->isatty && dlen >= 1 && buf[0] != '\r') {
    #####: 1847:			if (tcgetattr(c->wfd, &tio) == 0 &&
    #####: 1848:			    !(tio.c_lflag & ECHO) && (tio.c_lflag & ICANON)) {
        -: 1849:				/*
        -: 1850:				 * Simulate echo to reduce the impact of
        -: 1851:				 * traffic analysis. We need to match the
        -: 1852:				 * size of a SSH2_MSG_CHANNEL_DATA message
        -: 1853:				 * (4 byte channel id + buf)
        -: 1854:				 */
    #####: 1855:				packet_send_ignore(4 + len);
    #####: 1856:				packet_send();
        -: 1857:			}
        -: 1858:		}
        -: 1859:#endif
       83: 1860:		buffer_consume(&c->output, len);
        -: 1861:	}
        -: 1862: out:
      306: 1863:	if (compat20 && olen > 0)
       83: 1864:		c->local_consumed += olen - buffer_len(&c->output);
[...]
    #####: 4144:	if (!permit) {
    #####: 4145:		for (i = 0; i < num_permitted_opens; i++)
    #####: 4146:			if (open_match(&permitted_opens[i], host, port)) {
    #####: 4147:				permit = 1;
    #####: 4148:				break;
        -: 4149:			}
        -: 4150:	}
        -: 4151:
    #####: 4152:	if (num_adm_permitted_opens > 0) {
    #####: 4153:		permit_adm = 0;
    #####: 4154:		for (i = 0; i < num_adm_permitted_opens; i++)
    #####: 4155:			if (open_match(&permitted_adm_opens[i], host, port)) {
    #####: 4156:				permit_adm = 1;
    #####: 4157:				break;
        -: 4158:			}
        -: 4159:	}
        -: 4160:
    #####: 4161:	if (!permit || !permit_adm) {
    #####: 4162:		logit("Received request to connect to host %.100s port %d, "
        -: 4163:		    "but the request was denied.", host, port);
    #####: 4164:		return NULL;
        -: 4165:	}
    #####: 4166:	return connect_to(host, port, ctype, rname);
        -: 4167:}
        -: 4168:
        -: 4169:/* Check if connecting to that path is permitted and connect. */
        -: 4170:Channel *
    #####: 4171:channel_connect_to_path(const char *path, char *ctype, char *rname)
        -: 4172:{
    #####: 4173:	int i, permit, permit_adm = 1;
        -: 4174:
    #####: 4175:	permit = all_opens_permitted;
    #####: 4176:	if (!permit) {
    #####: 4177:		for (i = 0; i < num_permitted_opens; i++)
    #####: 4178:			if (open_match(&permitted_opens[i], path, PORT_STREAMLOCAL)) {
    #####: 4179:				permit = 1;
    #####: 4180:				break;
        -: 4181:			}
        -: 4182:	}
        -: 4183:
    #####: 4184:	if (num_adm_permitted_opens > 0) {
    #####: 4185:		permit_adm = 0;
    #####: 4186:		for (i = 0; i < num_adm_permitted_opens; i++)
    #####: 4187:			if (open_match(&permitted_adm_opens[i], path, PORT_STREAMLOCAL)) {
    #####: 4188:				permit_adm = 1;
    #####: 4189:				break;
        -: 4190:			}
        -: 4191:	}
        -: 4192:
    #####: 4193:	if (!permit || !permit_adm) {
    #####: 4194:		logit("Received request to connect to path %.100s, "
        -: 4195:		    "but the request was denied.", path);
    #####: 4196:		return NULL;
        -: 4197:	}
    #####: 4198:	return connect_to(path, PORT_STREAMLOCAL, ctype, rname);
        -: 4199:}
        -: 4200:
        -: 4201:void
    #####: 4202:channel_send_window_changes(void)
        -: 4203:{
        -: 4204:	u_int i;
        -: 4205:	struct winsize ws;
        -: 4206:
    #####: 4207:	for (i = 0; i < channels_alloc; i++) {
    #####: 4208:		if (channels[i] == NULL || !channels[i]->client_tty ||
    #####: 4209:		    channels[i]->type != SSH_CHANNEL_OPEN)
    #####: 4210:			continue;
    #####: 4211:		if (ioctl(channels[i]->rfd, TIOCGWINSZ, &ws) < 0)
    #####: 4212:			continue;
    #####: 4213:		channel_request_start(i, "window-change", 0);
    #####: 4214:		packet_put_int((u_int)ws.ws_col);
    #####: 4215:		packet_put_int((u_int)ws.ws_row);
    #####: 4216:		packet_put_int((u_int)ws.ws_xpixel);
    #####: 4217:		packet_put_int((u_int)ws.ws_ypixel);
    #####: 4218:		packet_send();
        -: 4219:	}
    #####: 4220:}
        -: 4221:
        -: 4222:/* -- X11 forwarding */
        -: 4223:
        -: 4224:/*
        -: 4225: * Creates an internet domain socket for listening for X11 connections.
        -: 4226: * Returns 0 and a suitable display number for the DISPLAY variable
        -: 4227: * stored in display_numberp , or -1 if an error occurs.
        -: 4228: */
        -: 4229:int
    #####: 4230:x11_create_display_inet(int x11_display_offset, int x11_use_localhost,
        -: 4231:    int single_connection, u_int *display_numberp, int **chanids)
        -: 4232:{
    #####: 4233:	Channel *nc = NULL;
        -: 4234:	int display_number, sock;
        -: 4235:	u_short port;
        -: 4236:	struct addrinfo hints, *ai, *aitop;
        -: 4237:	char strport[NI_MAXSERV];
    #####: 4238:	int gaierr, n, num_socks = 0, socks[NUM_SOCKS];
        -: 4239:
    #####: 4240:	if (chanids == NULL)
    #####: 4241:		return -1;
        -: 4242:
    #####: 4243:	for (display_number = x11_display_offset;
        -: 4244:	    display_number < MAX_DISPLAYS;
    #####: 4245:	    display_number++) {
    #####: 4246:		port = 6000 + display_number;
    #####: 4247:		memset(&hints, 0, sizeof(hints));
    #####: 4248:		hints.ai_family = IPv4or6;
    #####: 4249:		hints.ai_flags = x11_use_localhost ? 0: AI_PASSIVE;
    #####: 4250:		hints.ai_socktype = SOCK_STREAM;
    #####: 4251:		snprintf(strport, sizeof strport, "%d", port);
    #####: 4252:		if ((gaierr = getaddrinfo(NULL, strport, &hints, &aitop)) != 0) {
    #####: 4253:			error("getaddrinfo: %.100s", ssh_gai_strerror(gaierr));
    #####: 4254:			return -1;
        -: 4255:		}
    #####: 4256:		for (ai = aitop; ai; ai = ai->ai_next) {
    #####: 4257:			if (ai->ai_family != AF_INET && ai->ai_family != AF_INET6)
    #####: 4258:				continue;
    #####: 4259:			sock = socket(ai->ai_family, ai->ai_socktype,
        -: 4260:			    ai->ai_protocol);
    #####: 4261:			if (sock < 0) {
    #####: 4262:				if ((errno != EINVAL) && (errno != EAFNOSUPPORT)
        -: 4263:#ifdef EPFNOSUPPORT
    #####: 4264:				    && (errno != EPFNOSUPPORT)
        -: 4265:#endif 
        -: 4266:				    ) {
    #####: 4267:					error("socket: %.100s", strerror(errno));
    #####: 4268:					freeaddrinfo(aitop);
    #####: 4269:					return -1;
        -: 4270:				} else {
    #####: 4271:					debug("x11_create_display_inet: Socket family %d not supported",
        -: 4272:						 ai->ai_family);
    #####: 4273:					continue;
        -: 4274:				}
        -: 4275:			}
    #####: 4276:			if (ai->ai_family == AF_INET6)
    #####: 4277:				sock_set_v6only(sock);
    #####: 4278:			if (x11_use_localhost)
    #####: 4279:				channel_set_reuseaddr(sock);
    #####: 4280:			if (bind(sock, ai->ai_addr, ai->ai_addrlen) < 0) {
    #####: 4281:				debug2("bind port %d: %.100s", port, strerror(errno));
    #####: 4282:				close(sock);
        -: 4283:
    #####: 4284:				for (n = 0; n < num_socks; n++) {
    #####: 4285:					close(socks[n]);
        -: 4286:				}
    #####: 4287:				num_socks = 0;
    #####: 4288:				break;
        -: 4289:			}
    #####: 4290:			socks[num_socks++] = sock;
    #####: 4291:			if (num_socks == NUM_SOCKS)
    #####: 4292:				break;
        -: 4293:		}
    #####: 4294:		freeaddrinfo(aitop);
    #####: 4295:		if (num_socks > 0)
    #####: 4296:			break;
        -: 4297:	}
    #####: 4298:	if (display_number >= MAX_DISPLAYS) {
    #####: 4299:		error("Failed to allocate internet-domain X11 display socket.");
    #####: 4300:		return -1;
        -: 4301:	}
        -: 4302:	/* Start listening for connections on the socket. */
    #####: 4303:	for (n = 0; n < num_socks; n++) {
    #####: 4304:		sock = socks[n];
    #####: 4305:		if (listen(sock, SSH_LISTEN_BACKLOG) < 0) {
    #####: 4306:			error("listen: %.100s", strerror(errno));
    #####: 4307:			close(sock);
    #####: 4308:			return -1;
        -: 4309:		}
        -: 4310:	}
        -: 4311:
        -: 4312:	/* Allocate a channel for each socket. */
    #####: 4313:	*chanids = xcalloc(num_socks + 1, sizeof(**chanids));
    #####: 4314:	for (n = 0; n < num_socks; n++) {
    #####: 4315:		sock = socks[n];
    #####: 4316:		nc = channel_new("x11 listener",
        -: 4317:		    SSH_CHANNEL_X11_LISTENER, sock, sock, -1,
        -: 4318:		    CHAN_X11_WINDOW_DEFAULT, CHAN_X11_PACKET_DEFAULT,
        -: 4319:		    0, "X11 inet listener", 1);
    #####: 4320:		nc->single_connection = single_connection;
    #####: 4321:		(*chanids)[n] = nc->self;
        -: 4322:	}
    #####: 4323:	(*chanids)[n] = -1;
        -: 4324:
        -: 4325:	/* Return the display number for the DISPLAY environment variable. */
    #####: 4326:	*display_numberp = display_number;
    #####: 4327:	return (0);
        -: 4328:}
        -: 4329:
        -: 4330:static int
    #####: 4331:connect_local_xsocket_path(const char *pathname)
        -: 4332:{
        -: 4333:	int sock;
        -: 4334:	struct sockaddr_un addr;
        -: 4335:
    #####: 4336:	sock = socket(AF_UNIX, SOCK_STREAM, 0);
    #####: 4337:	if (sock < 0)
    #####: 4338:		error("socket: %.100s", strerror(errno));
    #####: 4339:	memset(&addr, 0, sizeof(addr));
    #####: 4340:	addr.sun_family = AF_UNIX;
    #####: 4341:	strlcpy(addr.sun_path, pathname, sizeof addr.sun_path);
    #####: 4342:	if (connect(sock, (struct sockaddr *)&addr, sizeof(addr)) == 0)
    #####: 4343:		return sock;
    #####: 4344:	close(sock);
    #####: 4345:	error("connect %.100s: %.100s", addr.sun_path, strerror(errno));
    #####: 4346:	return -1;
        -: 4347:}
        -: 4348:
        -: 4349:static int
    #####: 4350:connect_local_xsocket(u_int dnr)
        -: 4351:{
        -: 4352:	char buf[1024];
    #####: 4353:	snprintf(buf, sizeof buf, _PATH_UNIX_X, dnr);
    #####: 4354:	return connect_local_xsocket_path(buf);
        -: 4355:}
        -: 4356:
        -: 4357:int
    #####: 4358:x11_connect_display(void)
        -: 4359:{
        -: 4360:	u_int display_number;
        -: 4361:	const char *display;
        -: 4362:	char buf[1024], *cp;
        -: 4363:	struct addrinfo hints, *ai, *aitop;
        -: 4364:	char strport[NI_MAXSERV];
    #####: 4365:	int gaierr, sock = 0;
        -: 4366:
        -: 4367:	/* Try to open a socket for the local X server. */
    #####: 4368:	display = getenv("DISPLAY");
    #####: 4369:	if (!display) {
    #####: 4370:		error("DISPLAY not set.");
    #####: 4371:		return -1;
        -: 4372:	}
        -: 4373:	/*
        -: 4374:	 * Now we decode the value of the DISPLAY variable and make a
        -: 4375:	 * connection to the real X server.
        -: 4376:	 */
        -: 4377:
        -: 4378:	/* Check if the display is from launchd. */
        -: 4379:#ifdef __APPLE__
        -: 4380:	if (strncmp(display, "/tmp/launch", 11) == 0) {
        -: 4381:		sock = connect_local_xsocket_path(display);
        -: 4382:		if (sock < 0)
        -: 4383:			return -1;
        -: 4384:
        -: 4385:		/* OK, we now have a connection to the display. */
        -: 4386:		return sock;
        -: 4387:	}
        -: 4388:#endif
        -: 4389:	/*
        -: 4390:	 * Check if it is a unix domain socket.  Unix domain displays are in
        -: 4391:	 * one of the following formats: unix:d[.s], :d[.s], ::d[.s]
        -: 4392:	 */
    #####: 4393:	if (strncmp(display, "unix:", 5) == 0 ||
    #####: 4394:	    display[0] == ':') {
        -: 4395:		/* Connect to the unix domain socket. */
    #####: 4396:		if (sscanf(strrchr(display, ':') + 1, "%u", &display_number) != 1) {
    #####: 4397:			error("Could not parse display number from DISPLAY: %.100s",
        -: 4398:			    display);
    #####: 4399:			return -1;
        -: 4400:		}
        -: 4401:		/* Create a socket. */
    #####: 4402:		sock = connect_local_xsocket(display_number);
    #####: 4403:		if (sock < 0)
    #####: 4404:			return -1;
        -: 4405:
        -: 4406:		/* OK, we now have a connection to the display. */
    #####: 4407:		return sock;
        -: 4408:	}
        -: 4409:	/*
        -: 4410:	 * Connect to an inet socket.  The DISPLAY value is supposedly
        -: 4411:	 * hostname:d[.s], where hostname may also be numeric IP address.
        -: 4412:	 */
    #####: 4413:	strlcpy(buf, display, sizeof(buf));
    #####: 4414:	cp = strchr(buf, ':');
    #####: 4415:	if (!cp) {
    #####: 4416:		error("Could not find ':' in DISPLAY: %.100s", display);
    #####: 4417:		return -1;
        -: 4418:	}
    #####: 4419:	*cp = 0;
        -: 4420:	/* buf now contains the host name.  But first we parse the display number. */
    #####: 4421:	if (sscanf(cp + 1, "%u", &display_number) != 1) {
    #####: 4422:		error("Could not parse display number from DISPLAY: %.100s",
        -: 4423:		    display);
    #####: 4424:		return -1;
        -: 4425:	}
        -: 4426:
        -: 4427:	/* Look up the host address */
    #####: 4428:	memset(&hints, 0, sizeof(hints));
    #####: 4429:	hints.ai_family = IPv4or6;
    #####: 4430:	hints.ai_socktype = SOCK_STREAM;
    #####: 4431:	snprintf(strport, sizeof strport, "%u", 6000 + display_number);
    #####: 4432:	if ((gaierr = getaddrinfo(buf, strport, &hints, &aitop)) != 0) {
    #####: 4433:		error("%.100s: unknown host. (%s)", buf,
        -: 4434:		ssh_gai_strerror(gaierr));
    #####: 4435:		return -1;
        -: 4436:	}
    #####: 4437:	for (ai = aitop; ai; ai = ai->ai_next) {
        -: 4438:		/* Create a socket. */
    #####: 4439:		sock = socket(ai->ai_family, ai->ai_socktype, ai->ai_protocol);
    #####: 4440:		if (sock < 0) {
    #####: 4441:			debug2("socket: %.100s", strerror(errno));
    #####: 4442:			continue;
        -: 4443:		}
        -: 4444:		/* Connect it to the display. */
    #####: 4445:		if (connect(sock, ai->ai_addr, ai->ai_addrlen) < 0) {
    #####: 4446:			debug2("connect %.100s port %u: %.100s", buf,
    #####: 4447:			    6000 + display_number, strerror(errno));
    #####: 4448:			close(sock);
    #####: 4449:			continue;
        -: 4450:		}
        -: 4451:		/* Success */
    #####: 4452:		break;
        -: 4453:	}
    #####: 4454:	freeaddrinfo(aitop);
    #####: 4455:	if (!ai) {
    #####: 4456:		error("connect %.100s port %u: %.100s", buf, 6000 + display_number,
    #####: 4457:		    strerror(errno));
    #####: 4458:		return -1;
        -: 4459:	}
    #####: 4460:	set_nodelay(sock);
    #####: 4461:	return sock;
        -: 4462:}
        -: 4463:
        -: 4464:/*
        -: 4465: * This is called when SSH_SMSG_X11_OPEN is received.  The packet contains
        -: 4466: * the remote channel number.  We should do whatever we want, and respond
        -: 4467: * with either SSH_MSG_OPEN_CONFIRMATION or SSH_MSG_OPEN_FAILURE.
        -: 4468: */
        -: 4469:
        -: 4470:/* ARGSUSED */
        -: 4471:int
    #####: 4472:x11_input_open(int type, u_int32_t seq, void *ctxt)
        -: 4473:{
    #####: 4474:	Channel *c = NULL;
    #####: 4475:	int remote_id, sock = 0;
        -: 4476:	char *remote_host;
        -: 4477:
    #####: 4478:	debug("Received X11 open request.");
        -: 4479:
    #####: 4480:	remote_id = packet_get_int();
        -: 4481:
    #####: 4482:	if (packet_get_protocol_flags() & SSH_PROTOFLAG_HOST_IN_FWD_OPEN) {
    #####: 4483:		remote_host = packet_get_string(NULL);
        -: 4484:	} else {
    #####: 4485:		remote_host = xstrdup("unknown (remote did not supply name)");
        -: 4486:	}
    #####: 4487:	packet_check_eom();
        -: 4488:
        -: 4489:	/* Obtain a connection to the real X display. */
    #####: 4490:	sock = x11_connect_display();
    #####: 4491:	if (sock != -1) {
        -: 4492:		/* Allocate a channel for this connection. */
    #####: 4493:		c = channel_new("connected x11 socket",
        -: 4494:		    SSH_CHANNEL_X11_OPEN, sock, sock, -1, 0, 0, 0,
        -: 4495:		    remote_host, 1);
    #####: 4496:		c->remote_id = remote_id;
    #####: 4497:		c->force_drain = 1;
        -: 4498:	}
    #####: 4499:	free(remote_host);
    #####: 4500:	if (c == NULL) {
        -: 4501:		/* Send refusal to the remote host. */
    #####: 4502:		packet_start(SSH_MSG_CHANNEL_OPEN_FAILURE);
    #####: 4503:		packet_put_int(remote_id);
        -: 4504:	} else {
        -: 4505:		/* Send a confirmation to the remote host. */
    #####: 4506:		packet_start(SSH_MSG_CHANNEL_OPEN_CONFIRMATION);
    #####: 4507:		packet_put_int(remote_id);
    #####: 4508:		packet_put_int(c->self);
        -: 4509:	}
    #####: 4510:	packet_send();
    #####: 4511:	return 0;
        -: 4512:}
        -: 4513:
        -: 4514:/* dummy protocol handler that denies SSH-1 requests (agent/x11) */
        -: 4515:/* ARGSUSED */
        -: 4516:int
    #####: 4517:deny_input_open(int type, u_int32_t seq, void *ctxt)
        -: 4518:{
    #####: 4519:	int rchan = packet_get_int();
        -: 4520:
    #####: 4521:	switch (type) {
        -: 4522:	case SSH_SMSG_AGENT_OPEN:
    #####: 4523:		error("Warning: ssh server tried agent forwarding.");
    #####: 4524:		break;
        -: 4525:	case SSH_SMSG_X11_OPEN:
    #####: 4526:		error("Warning: ssh server tried X11 forwarding.");
    #####: 4527:		break;
        -: 4528:	default:
    #####: 4529:		error("deny_input_open: type %d", type);
    #####: 4530:		break;
        -: 4531:	}
    #####: 4532:	error("Warning: this is probably a break-in attempt by a malicious server.");
    #####: 4533:	packet_start(SSH_MSG_CHANNEL_OPEN_FAILURE);
    #####: 4534:	packet_put_int(rchan);
    #####: 4535:	packet_send();
    #####: 4536:	return 0;
        -: 4537:}
        -: 4538:
        -: 4539:/*
        -: 4540: * Requests forwarding of X11 connections, generates fake authentication
        -: 4541: * data, and enables authentication spoofing.
        -: 4542: * This should be called in the client only.
        -: 4543: */
        -: 4544:void
    #####: 4545:x11_request_forwarding_with_spoofing(int client_session_id, const char *disp,
        -: 4546:    const char *proto, const char *data, int want_reply)
        -: 4547:{
    #####: 4548:	u_int data_len = (u_int) strlen(data) / 2;
        -: 4549:	u_int i, value;
        -: 4550:	char *new_data;
        -: 4551:	int screen_number;
        -: 4552:	const char *cp;
        -: 4553:
    #####: 4554:	if (x11_saved_display == NULL)
    #####: 4555:		x11_saved_display = xstrdup(disp);
    #####: 4556:	else if (strcmp(disp, x11_saved_display) != 0) {
    #####: 4557:		error("x11_request_forwarding_with_spoofing: different "
        -: 4558:		    "$DISPLAY already forwarded");
    #####: 4559:		return;
        -: 4560:	}
        -: 4561:
    #####: 4562:	cp = strchr(disp, ':');
    #####: 4563:	if (cp)
    #####: 4564:		cp = strchr(cp, '.');
    #####: 4565:	if (cp)
    #####: 4566:		screen_number = (u_int)strtonum(cp + 1, 0, 400, NULL);
        -: 4567:	else
    #####: 4568:		screen_number = 0;
        -: 4569:
    #####: 4570:	if (x11_saved_proto == NULL) {
        -: 4571:		/* Save protocol name. */
    #####: 4572:		x11_saved_proto = xstrdup(proto);
        -: 4573:
        -: 4574:		/* Extract real authentication data. */
    #####: 4575:		x11_saved_data = xmalloc(data_len);
    #####: 4576:		for (i = 0; i < data_len; i++) {
    #####: 4577:			if (sscanf(data + 2 * i, "%2x", &value) != 1)
    #####: 4578:				fatal("x11_request_forwarding: bad "
        -: 4579:				    "authentication data: %.100s", data);
    #####: 4580:			x11_saved_data[i] = value;
        -: 4581:		}
    #####: 4582:		x11_saved_data_len = data_len;
        -: 4583:
        -: 4584:		/* Generate fake data of the same length. */
    #####: 4585:		x11_fake_data = xmalloc(data_len);
    #####: 4586:		arc4random_buf(x11_fake_data, data_len);
    #####: 4587:		x11_fake_data_len = data_len;
        -: 4588:	}
        -: 4589:
        -: 4590:	/* Convert the fake data into hex. */
    #####: 4591:	new_data = tohex(x11_fake_data, data_len);
        -: 4592:
        -: 4593:	/* Send the request packet. */
    #####: 4594:	if (compat20) {
    #####: 4595:		channel_request_start(client_session_id, "x11-req", want_reply);
    #####: 4596:		packet_put_char(0);	/* XXX bool single connection */
        -: 4597:	} else {
    #####: 4598:		packet_start(SSH_CMSG_X11_REQUEST_FORWARDING);
        -: 4599:	}
    #####: 4600:	packet_put_cstring(proto);
    #####: 4601:	packet_put_cstring(new_data);
    #####: 4602:	packet_put_int(screen_number);
    #####: 4603:	packet_send();
    #####: 4604:	packet_write_wait();
    #####: 4605:	free(new_data);
        -: 4606:}
        -: 4607:
        -: 4608:
        -: 4609:/* -- agent forwarding */
        -: 4610:
        -: 4611:/* Sends a message to the server to request authentication fd forwarding. */
        -: 4612:
        -: 4613:void
    #####: 4614:auth_request_forwarding(void)
        -: 4615:{
    #####: 4616:	packet_start(SSH_CMSG_AGENT_REQUEST_FORWARDING);
    #####: 4617:	packet_send();
    #####: 4618:	packet_write_wait();
    #####: 4619:}
