        -:    0:Source:fatal.c
        -:    0:Programs:78
        -:    1:/* $OpenBSD: fatal.c,v 1.7 2006/08/03 03:34:42 deraadt Exp $ */
        -:    2:/*
        -:    3: * Copyright (c) 2002 Markus Friedl.  All rights reserved.
        -:    4: *
        -:    5: * Redistribution and use in source and binary forms, with or without
        -:    6: * modification, are permitted provided that the following conditions
        -:    7: * are met:
        -:    8: * 1. Redistributions of source code must retain the above copyright
        -:    9: *    notice, this list of conditions and the following disclaimer.
        -:   10: * 2. Redistributions in binary form must reproduce the above copyright
        -:   11: *    notice, this list of conditions and the following disclaimer in the
        -:   12: *    documentation and/or other materials provided with the distribution.
        -:   13: *
        -:   14: * THIS SOFTWARE IS PROVIDED BY THE AUTHOR ``AS IS'' AND ANY EXPRESS OR
        -:   15: * IMPLIED WARRANTIES, INCLUDING, BUT NOT LIMITED TO, THE IMPLIED WARRANTIES
        -:   16: * OF MERCHANTABILITY AND FITNESS FOR A PARTICULAR PURPOSE ARE DISCLAIMED.
        -:   17: * IN NO EVENT SHALL THE AUTHOR BE LIABLE FOR ANY DIRECT, INDIRECT,
        -:   18: * INCIDENTAL, SPECIAL, EXEMPLARY, OR CONSEQUENTIAL DAMAGES (INCLUDING, BUT
        -:   19: * NOT LIMITED TO, PROCUREMENT OF SUBSTITUTE GOODS OR SERVICES; LOSS OF USE,
        -:   20: * DATA, OR PROFITS; OR BUSINESS INTERRUPTION) HOWEVER CAUSED AND ON ANY
        -:   21: * THEORY OF LIABILITY, WHETHER IN CONTRACT, STRICT LIABILITY, OR TORT
        -:   22: * (INCLUDING NEGLIGENCE OR OTHERWISE) ARISING IN ANY WAY OUT OF THE USE OF
        -:   23: * THIS SOFTWARE, EVEN IF ADVISED OF THE POSSIBILITY OF SUCH DAMAGE.
        -:   24: */
        -:   25:
        -:   26:#include "includes.h"
        -:   27:
        -:   28:#include <sys/types.h>
        -:   29:
        -:   30:#include <stdarg.h>
        -:   31:
        -:   32:#include "log.h"
        -:   33:
        -:   34:/* Fatal messages.  This function never returns. */
        -:   35:
        -:   36:void
    #####:   37:fatal(const char *fmt,...)
        -:   38:{
        -:   39:	va_list args;
        -:   40:
    #####:   41:	va_start(args, fmt);
    #####:   42:	do_log(SYSLOG_LEVEL_FATAL, fmt, args);
    #####:   43:	va_end(args);
    #####:   44:	cleanup_exit(255);
        -:   45:}
